03-Apr-2024 21:40:54.982 INFORMAÇÕES [main] org.apache.catalina.startup.VersionLoggerListener.log Server version name:   Apache Tomcat/8.5.50
03-Apr-2024 21:40:54.983 INFORMAÇÕES [main] org.apache.catalina.startup.VersionLoggerListener.log Server built:          Dec 7 2019 19:19:46 UTC
03-Apr-2024 21:40:54.983 INFORMAÇÕES [main] org.apache.catalina.startup.VersionLoggerListener.log Server version number: 8.5.50.0
03-Apr-2024 21:40:54.983 INFORMAÇÕES [main] org.apache.catalina.startup.VersionLoggerListener.log OS Name:               Linux
03-Apr-2024 21:40:54.983 INFORMAÇÕES [main] org.apache.catalina.startup.VersionLoggerListener.log OS Version:            6.5.0-26-generic
03-Apr-2024 21:40:54.983 INFORMAÇÕES [main] org.apache.catalina.startup.VersionLoggerListener.log Architecture:          amd64
03-Apr-2024 21:40:54.983 INFORMAÇÕES [main] org.apache.catalina.startup.VersionLoggerListener.log Java Home:             /usr/lib/jvm/java-8-openjdk-amd64/jre
03-Apr-2024 21:40:54.983 INFORMAÇÕES [main] org.apache.catalina.startup.VersionLoggerListener.log JVM Version:           1.8.0_402-8u402-ga-2ubuntu1~22.04-b06
03-Apr-2024 21:40:54.984 INFORMAÇÕES [main] org.apache.catalina.startup.VersionLoggerListener.log JVM Vendor:            Private Build
03-Apr-2024 21:40:54.984 INFORMAÇÕES [main] org.apache.catalina.startup.VersionLoggerListener.log CATALINA_BASE:         /home/evandro/workspace/projetos_pessoal/git/projetos/jenkins/apache-tomcat-8.5.50
03-Apr-2024 21:40:54.984 INFORMAÇÕES [main] org.apache.catalina.startup.VersionLoggerListener.log CATALINA_HOME:         /home/evandro/workspace/projetos_pessoal/git/projetos/jenkins/apache-tomcat-8.5.50
03-Apr-2024 21:40:54.984 INFORMAÇÕES [main] org.apache.catalina.startup.VersionLoggerListener.log Command line argument: -Djava.util.logging.config.file=/home/evandro/workspace/projetos_pessoal/git/projetos/jenkins/apache-tomcat-8.5.50/conf/logging.properties
03-Apr-2024 21:40:54.984 INFORMAÇÕES [main] org.apache.catalina.startup.VersionLoggerListener.log Command line argument: -Djava.util.logging.manager=org.apache.juli.ClassLoaderLogManager
03-Apr-2024 21:40:54.984 INFORMAÇÕES [main] org.apache.catalina.startup.VersionLoggerListener.log Command line argument: -Djdk.tls.ephemeralDHKeySize=2048
03-Apr-2024 21:40:54.984 INFORMAÇÕES [main] org.apache.catalina.startup.VersionLoggerListener.log Command line argument: -Djava.protocol.handler.pkgs=org.apache.catalina.webresources
03-Apr-2024 21:40:54.984 INFORMAÇÕES [main] org.apache.catalina.startup.VersionLoggerListener.log Command line argument: -Dorg.apache.catalina.security.SecurityListener.UMASK=0027
03-Apr-2024 21:40:54.984 INFORMAÇÕES [main] org.apache.catalina.startup.VersionLoggerListener.log Command line argument: -Dignore.endorsed.dirs=
03-Apr-2024 21:40:54.984 INFORMAÇÕES [main] org.apache.catalina.startup.VersionLoggerListener.log Command line argument: -Dcatalina.base=/home/evandro/workspace/projetos_pessoal/git/projetos/jenkins/apache-tomcat-8.5.50
03-Apr-2024 21:40:54.985 INFORMAÇÕES [main] org.apache.catalina.startup.VersionLoggerListener.log Command line argument: -Dcatalina.home=/home/evandro/workspace/projetos_pessoal/git/projetos/jenkins/apache-tomcat-8.5.50
03-Apr-2024 21:40:54.985 INFORMAÇÕES [main] org.apache.catalina.startup.VersionLoggerListener.log Command line argument: -Djava.io.tmpdir=/home/evandro/workspace/projetos_pessoal/git/projetos/jenkins/apache-tomcat-8.5.50/temp
03-Apr-2024 21:40:54.985 INFORMAÇÕES [main] org.apache.catalina.core.AprLifecycleListener.lifecycleEvent The APR based Apache Tomcat Native library which allows optimal performance in production environments was not found on the java.library.path: [/usr/java/packages/lib/amd64:/usr/lib/x86_64-linux-gnu/jni:/lib/x86_64-linux-gnu:/usr/lib/x86_64-linux-gnu:/usr/lib/jni:/lib:/usr/lib]
03-Apr-2024 21:40:55.034 INFORMAÇÕES [main] org.apache.coyote.AbstractProtocol.init Initializing ProtocolHandler ["http-nio-8001"]
03-Apr-2024 21:40:55.082 INFORMAÇÕES [main] org.apache.tomcat.util.net.NioSelectorPool.getSharedSelector Using a shared selector for servlet write/read
03-Apr-2024 21:40:55.089 INFORMAÇÕES [main] org.apache.coyote.AbstractProtocol.init Initializing ProtocolHandler ["ajp-nio-8009"]
03-Apr-2024 21:40:55.089 INFORMAÇÕES [main] org.apache.tomcat.util.net.NioSelectorPool.getSharedSelector Using a shared selector for servlet write/read
03-Apr-2024 21:40:55.090 INFORMAÇÕES [main] org.apache.catalina.startup.Catalina.load Initialization processed in 368 ms
03-Apr-2024 21:40:55.109 INFORMAÇÕES [main] org.apache.catalina.core.StandardService.startInternal Starting service [Catalina]
03-Apr-2024 21:40:55.109 INFORMAÇÕES [main] org.apache.catalina.core.StandardEngine.startInternal Starting Servlet Engine: Apache Tomcat/8.5.50
03-Apr-2024 21:40:55.114 INFORMAÇÕES [localhost-startStop-1] org.apache.catalina.startup.HostConfig.deployDirectory Deploying web application directory [/home/evandro/workspace/projetos_pessoal/git/projetos/jenkins/apache-tomcat-8.5.50/webapps/manager]
03-Apr-2024 21:40:55.251 INFORMAÇÕES [localhost-startStop-1] org.apache.catalina.startup.HostConfig.deployDirectory Deployment of web application directory [/home/evandro/workspace/projetos_pessoal/git/projetos/jenkins/apache-tomcat-8.5.50/webapps/manager] has finished in [137] ms
03-Apr-2024 21:40:55.251 INFORMAÇÕES [localhost-startStop-1] org.apache.catalina.startup.HostConfig.deployDirectory Deploying web application directory [/home/evandro/workspace/projetos_pessoal/git/projetos/jenkins/apache-tomcat-8.5.50/webapps/docs]
03-Apr-2024 21:40:55.260 INFORMAÇÕES [localhost-startStop-1] org.apache.catalina.startup.HostConfig.deployDirectory Deployment of web application directory [/home/evandro/workspace/projetos_pessoal/git/projetos/jenkins/apache-tomcat-8.5.50/webapps/docs] has finished in [9] ms
03-Apr-2024 21:40:55.260 INFORMAÇÕES [localhost-startStop-1] org.apache.catalina.startup.HostConfig.deployDirectory Deploying web application directory [/home/evandro/workspace/projetos_pessoal/git/projetos/jenkins/apache-tomcat-8.5.50/webapps/ROOT]
03-Apr-2024 21:40:55.270 INFORMAÇÕES [localhost-startStop-1] org.apache.catalina.startup.HostConfig.deployDirectory Deployment of web application directory [/home/evandro/workspace/projetos_pessoal/git/projetos/jenkins/apache-tomcat-8.5.50/webapps/ROOT] has finished in [10] ms
03-Apr-2024 21:40:55.270 INFORMAÇÕES [localhost-startStop-1] org.apache.catalina.startup.HostConfig.deployDirectory Deploying web application directory [/home/evandro/workspace/projetos_pessoal/git/projetos/jenkins/apache-tomcat-8.5.50/webapps/host-manager]
03-Apr-2024 21:40:55.281 INFORMAÇÕES [localhost-startStop-1] org.apache.catalina.startup.HostConfig.deployDirectory Deployment of web application directory [/home/evandro/workspace/projetos_pessoal/git/projetos/jenkins/apache-tomcat-8.5.50/webapps/host-manager] has finished in [11] ms
03-Apr-2024 21:40:55.282 INFORMAÇÕES [localhost-startStop-1] org.apache.catalina.startup.HostConfig.deployDirectory Deploying web application directory [/home/evandro/workspace/projetos_pessoal/git/projetos/jenkins/apache-tomcat-8.5.50/webapps/examples]
03-Apr-2024 21:40:55.408 INFORMAÇÕES [localhost-startStop-1] org.apache.catalina.startup.HostConfig.deployDirectory Deployment of web application directory [/home/evandro/workspace/projetos_pessoal/git/projetos/jenkins/apache-tomcat-8.5.50/webapps/examples] has finished in [126] ms
03-Apr-2024 21:40:55.409 INFORMAÇÕES [main] org.apache.coyote.AbstractProtocol.start Starting ProtocolHandler ["http-nio-8001"]
03-Apr-2024 21:40:55.414 INFORMAÇÕES [main] org.apache.coyote.AbstractProtocol.start Starting ProtocolHandler ["ajp-nio-8009"]
03-Apr-2024 21:40:55.415 INFORMAÇÕES [main] org.apache.catalina.startup.Catalina.start Server startup in 325 ms
03-Apr-2024 21:43:25.431 INFORMAÇÕES [ContainerBackgroundProcessor[StandardEngine[Catalina]]] org.apache.catalina.users.MemoryUserDatabase.backgroundProcess Reloading memory user database [UserDatabase] from updated source [file:/home/evandro/workspace/projetos_pessoal/git/projetos/jenkins/apache-tomcat-8.5.50/conf/tomcat-users.xml]
03-Apr-2024 21:43:37.015 INFORMAÇÕES [main] org.apache.catalina.core.StandardServer.await A valid shutdown command was received via the shutdown port. Stopping the Server instance.
03-Apr-2024 21:43:37.015 INFORMAÇÕES [main] org.apache.coyote.AbstractProtocol.pause Pausing ProtocolHandler ["http-nio-8001"]
03-Apr-2024 21:43:37.022 INFORMAÇÕES [main] org.apache.coyote.AbstractProtocol.pause Pausing ProtocolHandler ["ajp-nio-8009"]
03-Apr-2024 21:43:37.028 INFORMAÇÕES [main] org.apache.catalina.core.StandardService.stopInternal Stopping service [Catalina]
03-Apr-2024 21:43:37.050 INFORMAÇÕES [main] org.apache.coyote.AbstractProtocol.stop Stopping ProtocolHandler ["http-nio-8001"]
03-Apr-2024 21:43:37.052 INFORMAÇÕES [main] org.apache.coyote.AbstractProtocol.stop Stopping ProtocolHandler ["ajp-nio-8009"]
03-Apr-2024 21:43:37.054 INFORMAÇÕES [main] org.apache.coyote.AbstractProtocol.destroy Destroying ProtocolHandler ["http-nio-8001"]
03-Apr-2024 21:43:37.054 INFORMAÇÕES [main] org.apache.coyote.AbstractProtocol.destroy Destroying ProtocolHandler ["ajp-nio-8009"]
03-Apr-2024 21:43:39.189 INFORMAÇÕES [main] org.apache.catalina.startup.VersionLoggerListener.log Server version name:   Apache Tomcat/8.5.50
03-Apr-2024 21:43:39.190 INFORMAÇÕES [main] org.apache.catalina.startup.VersionLoggerListener.log Server built:          Dec 7 2019 19:19:46 UTC
03-Apr-2024 21:43:39.190 INFORMAÇÕES [main] org.apache.catalina.startup.VersionLoggerListener.log Server version number: 8.5.50.0
03-Apr-2024 21:43:39.190 INFORMAÇÕES [main] org.apache.catalina.startup.VersionLoggerListener.log OS Name:               Linux
03-Apr-2024 21:43:39.190 INFORMAÇÕES [main] org.apache.catalina.startup.VersionLoggerListener.log OS Version:            6.5.0-26-generic
03-Apr-2024 21:43:39.190 INFORMAÇÕES [main] org.apache.catalina.startup.VersionLoggerListener.log Architecture:          amd64
03-Apr-2024 21:43:39.190 INFORMAÇÕES [main] org.apache.catalina.startup.VersionLoggerListener.log Java Home:             /usr/lib/jvm/java-8-openjdk-amd64/jre
03-Apr-2024 21:43:39.191 INFORMAÇÕES [main] org.apache.catalina.startup.VersionLoggerListener.log JVM Version:           1.8.0_402-8u402-ga-2ubuntu1~22.04-b06
03-Apr-2024 21:43:39.191 INFORMAÇÕES [main] org.apache.catalina.startup.VersionLoggerListener.log JVM Vendor:            Private Build
03-Apr-2024 21:43:39.191 INFORMAÇÕES [main] org.apache.catalina.startup.VersionLoggerListener.log CATALINA_BASE:         /home/evandro/workspace/projetos_pessoal/git/projetos/jenkins/apache-tomcat-8.5.50
03-Apr-2024 21:43:39.191 INFORMAÇÕES [main] org.apache.catalina.startup.VersionLoggerListener.log CATALINA_HOME:         /home/evandro/workspace/projetos_pessoal/git/projetos/jenkins/apache-tomcat-8.5.50
03-Apr-2024 21:43:39.191 INFORMAÇÕES [main] org.apache.catalina.startup.VersionLoggerListener.log Command line argument: -Djava.util.logging.config.file=/home/evandro/workspace/projetos_pessoal/git/projetos/jenkins/apache-tomcat-8.5.50/conf/logging.properties
03-Apr-2024 21:43:39.191 INFORMAÇÕES [main] org.apache.catalina.startup.VersionLoggerListener.log Command line argument: -Djava.util.logging.manager=org.apache.juli.ClassLoaderLogManager
03-Apr-2024 21:43:39.191 INFORMAÇÕES [main] org.apache.catalina.startup.VersionLoggerListener.log Command line argument: -Djdk.tls.ephemeralDHKeySize=2048
03-Apr-2024 21:43:39.191 INFORMAÇÕES [main] org.apache.catalina.startup.VersionLoggerListener.log Command line argument: -Djava.protocol.handler.pkgs=org.apache.catalina.webresources
03-Apr-2024 21:43:39.191 INFORMAÇÕES [main] org.apache.catalina.startup.VersionLoggerListener.log Command line argument: -Dorg.apache.catalina.security.SecurityListener.UMASK=0027
03-Apr-2024 21:43:39.192 INFORMAÇÕES [main] org.apache.catalina.startup.VersionLoggerListener.log Command line argument: -Dignore.endorsed.dirs=
03-Apr-2024 21:43:39.192 INFORMAÇÕES [main] org.apache.catalina.startup.VersionLoggerListener.log Command line argument: -Dcatalina.base=/home/evandro/workspace/projetos_pessoal/git/projetos/jenkins/apache-tomcat-8.5.50
03-Apr-2024 21:43:39.192 INFORMAÇÕES [main] org.apache.catalina.startup.VersionLoggerListener.log Command line argument: -Dcatalina.home=/home/evandro/workspace/projetos_pessoal/git/projetos/jenkins/apache-tomcat-8.5.50
03-Apr-2024 21:43:39.192 INFORMAÇÕES [main] org.apache.catalina.startup.VersionLoggerListener.log Command line argument: -Djava.io.tmpdir=/home/evandro/workspace/projetos_pessoal/git/projetos/jenkins/apache-tomcat-8.5.50/temp
03-Apr-2024 21:43:39.192 INFORMAÇÕES [main] org.apache.catalina.core.AprLifecycleListener.lifecycleEvent The APR based Apache Tomcat Native library which allows optimal performance in production environments was not found on the java.library.path: [/usr/java/packages/lib/amd64:/usr/lib/x86_64-linux-gnu/jni:/lib/x86_64-linux-gnu:/usr/lib/x86_64-linux-gnu:/usr/lib/jni:/lib:/usr/lib]
03-Apr-2024 21:43:39.257 INFORMAÇÕES [main] org.apache.coyote.AbstractProtocol.init Initializing ProtocolHandler ["http-nio-8001"]
03-Apr-2024 21:43:39.294 INFORMAÇÕES [main] org.apache.tomcat.util.net.NioSelectorPool.getSharedSelector Using a shared selector for servlet write/read
03-Apr-2024 21:43:39.304 INFORMAÇÕES [main] org.apache.coyote.AbstractProtocol.init Initializing ProtocolHandler ["ajp-nio-8009"]
03-Apr-2024 21:43:39.305 INFORMAÇÕES [main] org.apache.tomcat.util.net.NioSelectorPool.getSharedSelector Using a shared selector for servlet write/read
03-Apr-2024 21:43:39.305 INFORMAÇÕES [main] org.apache.catalina.startup.Catalina.load Initialization processed in 430 ms
03-Apr-2024 21:43:39.379 INFORMAÇÕES [main] org.apache.catalina.core.StandardService.startInternal Starting service [Catalina]
03-Apr-2024 21:43:39.380 INFORMAÇÕES [main] org.apache.catalina.core.StandardEngine.startInternal Starting Servlet Engine: Apache Tomcat/8.5.50
03-Apr-2024 21:43:39.396 INFORMAÇÕES [localhost-startStop-1] org.apache.catalina.startup.HostConfig.deployDirectory Deploying web application directory [/home/evandro/workspace/projetos_pessoal/git/projetos/jenkins/apache-tomcat-8.5.50/webapps/manager]
03-Apr-2024 21:43:39.701 INFORMAÇÕES [localhost-startStop-1] org.apache.catalina.startup.HostConfig.deployDirectory Deployment of web application directory [/home/evandro/workspace/projetos_pessoal/git/projetos/jenkins/apache-tomcat-8.5.50/webapps/manager] has finished in [304] ms
03-Apr-2024 21:43:39.701 INFORMAÇÕES [localhost-startStop-1] org.apache.catalina.startup.HostConfig.deployDirectory Deploying web application directory [/home/evandro/workspace/projetos_pessoal/git/projetos/jenkins/apache-tomcat-8.5.50/webapps/docs]
03-Apr-2024 21:43:39.723 INFORMAÇÕES [localhost-startStop-1] org.apache.catalina.startup.HostConfig.deployDirectory Deployment of web application directory [/home/evandro/workspace/projetos_pessoal/git/projetos/jenkins/apache-tomcat-8.5.50/webapps/docs] has finished in [22] ms
03-Apr-2024 21:43:39.723 INFORMAÇÕES [localhost-startStop-1] org.apache.catalina.startup.HostConfig.deployDirectory Deploying web application directory [/home/evandro/workspace/projetos_pessoal/git/projetos/jenkins/apache-tomcat-8.5.50/webapps/ROOT]
03-Apr-2024 21:43:39.738 INFORMAÇÕES [localhost-startStop-1] org.apache.catalina.startup.HostConfig.deployDirectory Deployment of web application directory [/home/evandro/workspace/projetos_pessoal/git/projetos/jenkins/apache-tomcat-8.5.50/webapps/ROOT] has finished in [15] ms
03-Apr-2024 21:43:39.738 INFORMAÇÕES [localhost-startStop-1] org.apache.catalina.startup.HostConfig.deployDirectory Deploying web application directory [/home/evandro/workspace/projetos_pessoal/git/projetos/jenkins/apache-tomcat-8.5.50/webapps/host-manager]
03-Apr-2024 21:43:39.759 INFORMAÇÕES [localhost-startStop-1] org.apache.catalina.startup.HostConfig.deployDirectory Deployment of web application directory [/home/evandro/workspace/projetos_pessoal/git/projetos/jenkins/apache-tomcat-8.5.50/webapps/host-manager] has finished in [21] ms
03-Apr-2024 21:43:39.759 INFORMAÇÕES [localhost-startStop-1] org.apache.catalina.startup.HostConfig.deployDirectory Deploying web application directory [/home/evandro/workspace/projetos_pessoal/git/projetos/jenkins/apache-tomcat-8.5.50/webapps/examples]
03-Apr-2024 21:43:39.989 INFORMAÇÕES [localhost-startStop-1] org.apache.catalina.startup.HostConfig.deployDirectory Deployment of web application directory [/home/evandro/workspace/projetos_pessoal/git/projetos/jenkins/apache-tomcat-8.5.50/webapps/examples] has finished in [230] ms
03-Apr-2024 21:43:39.995 INFORMAÇÕES [main] org.apache.coyote.AbstractProtocol.start Starting ProtocolHandler ["http-nio-8001"]
03-Apr-2024 21:43:40.004 INFORMAÇÕES [main] org.apache.coyote.AbstractProtocol.start Starting ProtocolHandler ["ajp-nio-8009"]
03-Apr-2024 21:43:40.007 INFORMAÇÕES [main] org.apache.catalina.startup.Catalina.start Server startup in 700 ms
03-Apr-2024 21:44:46.691 INFORMAÇÕES [http-nio-8001-exec-6] org.apache.catalina.startup.HostConfig.deployWAR Deploying web application archive [/home/evandro/workspace/projetos_pessoal/git/projetos/jenkins/apache-tomcat-8.5.50/webapps/tasks-backend.war]
03-Apr-2024 21:44:52.097 INFORMAÇÕES [http-nio-8001-exec-6] org.apache.jasper.servlet.TldScanner.scanJars At least one JAR was scanned for TLDs yet contained no TLDs. Enable debug logging for this logger for a complete list of JARs that were scanned but no TLDs were found in them. Skipping unneeded JARs during scanning can improve startup time and JSP compilation time.
03-Apr-2024 21:44:52.102 INFORMAÇÕES [http-nio-8001-exec-6] org.apache.catalina.startup.HostConfig.deployWAR Deployment of web application archive [/home/evandro/workspace/projetos_pessoal/git/projetos/jenkins/apache-tomcat-8.5.50/webapps/tasks-backend.war] has finished in [5,411] ms
03-Apr-2024 21:45:13.305 INFORMAÇÕES [http-nio-8001-exec-8] org.apache.catalina.startup.HostConfig.deployWAR Deploying web application archive [/home/evandro/workspace/projetos_pessoal/git/projetos/jenkins/apache-tomcat-8.5.50/webapps/tasks.war]
03-Apr-2024 21:45:15.899 INFORMAÇÕES [http-nio-8001-exec-8] org.apache.jasper.servlet.TldScanner.scanJars At least one JAR was scanned for TLDs yet contained no TLDs. Enable debug logging for this logger for a complete list of JARs that were scanned but no TLDs were found in them. Skipping unneeded JARs during scanning can improve startup time and JSP compilation time.
03-Apr-2024 21:45:15.903 INFORMAÇÕES [http-nio-8001-exec-8] org.apache.catalina.startup.HostConfig.deployWAR Deployment of web application archive [/home/evandro/workspace/projetos_pessoal/git/projetos/jenkins/apache-tomcat-8.5.50/webapps/tasks.war] has finished in [2,598] ms
03-Apr-2024 21:49:04.186 ADVERTÊNCIA [http-nio-8001-exec-6] org.apache.catalina.loader.WebappClassLoaderBase.clearReferencesJdbc The web application [tasks-backend] registered the JDBC driver [org.postgresql.Driver] but failed to unregister it when the web application was stopped. To prevent a memory leak, the JDBC Driver has been forcibly unregistered.
03-Apr-2024 21:49:04.706 INFORMAÇÕES [http-nio-8001-exec-6] org.apache.catalina.startup.HostConfig.undeploy Undeploying context [/tasks-backend]
03-Apr-2024 21:49:14.574 INFORMAÇÕES [http-nio-8001-exec-3] org.apache.catalina.startup.HostConfig.deployWAR Deploying web application archive [/home/evandro/workspace/projetos_pessoal/git/projetos/jenkins/apache-tomcat-8.5.50/webapps/tasks-backend.war]
03-Apr-2024 21:49:18.673 INFORMAÇÕES [http-nio-8001-exec-3] org.apache.jasper.servlet.TldScanner.scanJars At least one JAR was scanned for TLDs yet contained no TLDs. Enable debug logging for this logger for a complete list of JARs that were scanned but no TLDs were found in them. Skipping unneeded JARs during scanning can improve startup time and JSP compilation time.
03-Apr-2024 21:49:18.677 INFORMAÇÕES [http-nio-8001-exec-3] org.apache.catalina.startup.HostConfig.deployWAR Deployment of web application archive [/home/evandro/workspace/projetos_pessoal/git/projetos/jenkins/apache-tomcat-8.5.50/webapps/tasks-backend.war] has finished in [4,104] ms
