09-Apr-2024 23:23:21.933 INFORMAÇÕES [main] org.apache.catalina.startup.VersionLoggerListener.log Server version name:   Apache Tomcat/10.1.13
09-Apr-2024 23:23:21.938 INFORMAÇÕES [main] org.apache.catalina.startup.VersionLoggerListener.log Server built:          Aug 23 2023 21:34:59 UTC
09-Apr-2024 23:23:21.938 INFORMAÇÕES [main] org.apache.catalina.startup.VersionLoggerListener.log Server version number: 10.1.13.0
09-Apr-2024 23:23:21.938 INFORMAÇÕES [main] org.apache.catalina.startup.VersionLoggerListener.log OS Name:               Linux
09-Apr-2024 23:23:21.938 INFORMAÇÕES [main] org.apache.catalina.startup.VersionLoggerListener.log OS Version:            6.5.0-26-generic
09-Apr-2024 23:23:21.938 INFORMAÇÕES [main] org.apache.catalina.startup.VersionLoggerListener.log Architecture:          amd64
09-Apr-2024 23:23:21.938 INFORMAÇÕES [main] org.apache.catalina.startup.VersionLoggerListener.log Java Home:             /usr/lib/jvm/java-17-openjdk-amd64
09-Apr-2024 23:23:21.938 INFORMAÇÕES [main] org.apache.catalina.startup.VersionLoggerListener.log JVM Version:           17.0.10+7-Ubuntu-122.04.1
09-Apr-2024 23:23:21.939 INFORMAÇÕES [main] org.apache.catalina.startup.VersionLoggerListener.log JVM Vendor:            Private Build
09-Apr-2024 23:23:21.939 INFORMAÇÕES [main] org.apache.catalina.startup.VersionLoggerListener.log CATALINA_BASE:         /home/evandro/workspace/projetos_pessoal/git/projetos/jenkins/apache-tomcat-10.1.13
09-Apr-2024 23:23:21.939 INFORMAÇÕES [main] org.apache.catalina.startup.VersionLoggerListener.log CATALINA_HOME:         /home/evandro/workspace/projetos_pessoal/git/projetos/jenkins/apache-tomcat-10.1.13
09-Apr-2024 23:23:21.949 INFORMAÇÕES [main] org.apache.catalina.startup.VersionLoggerListener.log Command line argument: -Djava.util.logging.config.file=/home/evandro/workspace/projetos_pessoal/git/projetos/jenkins/apache-tomcat-10.1.13/conf/logging.properties
09-Apr-2024 23:23:21.949 INFORMAÇÕES [main] org.apache.catalina.startup.VersionLoggerListener.log Command line argument: -Djava.util.logging.manager=org.apache.juli.ClassLoaderLogManager
09-Apr-2024 23:23:21.949 INFORMAÇÕES [main] org.apache.catalina.startup.VersionLoggerListener.log Command line argument: -Djdk.tls.ephemeralDHKeySize=2048
09-Apr-2024 23:23:21.949 INFORMAÇÕES [main] org.apache.catalina.startup.VersionLoggerListener.log Command line argument: -Djava.protocol.handler.pkgs=org.apache.catalina.webresources
09-Apr-2024 23:23:21.949 INFORMAÇÕES [main] org.apache.catalina.startup.VersionLoggerListener.log Command line argument: -Dorg.apache.catalina.security.SecurityListener.UMASK=0027
09-Apr-2024 23:23:21.949 INFORMAÇÕES [main] org.apache.catalina.startup.VersionLoggerListener.log Command line argument: --add-opens=java.base/java.lang=ALL-UNNAMED
09-Apr-2024 23:23:21.950 INFORMAÇÕES [main] org.apache.catalina.startup.VersionLoggerListener.log Command line argument: --add-opens=java.base/java.io=ALL-UNNAMED
09-Apr-2024 23:23:21.950 INFORMAÇÕES [main] org.apache.catalina.startup.VersionLoggerListener.log Command line argument: --add-opens=java.base/java.util=ALL-UNNAMED
09-Apr-2024 23:23:21.950 INFORMAÇÕES [main] org.apache.catalina.startup.VersionLoggerListener.log Command line argument: --add-opens=java.base/java.util.concurrent=ALL-UNNAMED
09-Apr-2024 23:23:21.950 INFORMAÇÕES [main] org.apache.catalina.startup.VersionLoggerListener.log Command line argument: --add-opens=java.rmi/sun.rmi.transport=ALL-UNNAMED
09-Apr-2024 23:23:21.950 INFORMAÇÕES [main] org.apache.catalina.startup.VersionLoggerListener.log Command line argument: -Dcatalina.base=/home/evandro/workspace/projetos_pessoal/git/projetos/jenkins/apache-tomcat-10.1.13
09-Apr-2024 23:23:21.950 INFORMAÇÕES [main] org.apache.catalina.startup.VersionLoggerListener.log Command line argument: -Dcatalina.home=/home/evandro/workspace/projetos_pessoal/git/projetos/jenkins/apache-tomcat-10.1.13
09-Apr-2024 23:23:21.950 INFORMAÇÕES [main] org.apache.catalina.startup.VersionLoggerListener.log Command line argument: -Djava.io.tmpdir=/home/evandro/workspace/projetos_pessoal/git/projetos/jenkins/apache-tomcat-10.1.13/temp
09-Apr-2024 23:23:21.953 INFORMAÇÕES [main] org.apache.catalina.core.AprLifecycleListener.lifecycleEvent The Apache Tomcat Native library which allows using OpenSSL was not found on the java.library.path: [/usr/java/packages/lib:/usr/lib/x86_64-linux-gnu/jni:/lib/x86_64-linux-gnu:/usr/lib/x86_64-linux-gnu:/usr/lib/jni:/lib:/usr/lib]
09-Apr-2024 23:23:22.291 INFORMAÇÕES [main] org.apache.coyote.AbstractProtocol.init Initializing ProtocolHandler ["http-nio-8001"]
09-Apr-2024 23:23:22.317 INFORMAÇÕES [main] org.apache.catalina.startup.Catalina.load Server initialization in [562] milliseconds
09-Apr-2024 23:23:22.366 INFORMAÇÕES [main] org.apache.catalina.core.StandardService.startInternal Starting service [Catalina]
09-Apr-2024 23:23:22.366 INFORMAÇÕES [main] org.apache.catalina.core.StandardEngine.startInternal Starting Servlet engine: [Apache Tomcat/10.1.13]
09-Apr-2024 23:23:22.390 INFORMAÇÕES [main] org.apache.catalina.startup.HostConfig.deployWAR Deploying web application archive [/home/evandro/workspace/projetos_pessoal/git/projetos/jenkins/apache-tomcat-10.1.13/webapps/tasks.war]
09-Apr-2024 23:23:24.049 INFORMAÇÕES [main] org.apache.jasper.servlet.TldScanner.scanJars At least one JAR was scanned for TLDs yet contained no TLDs. Enable debug logging for this logger for a complete list of JARs that were scanned but no TLDs were found in them. Skipping unneeded JARs during scanning can improve startup time and JSP compilation time.
09-Apr-2024 23:23:27.437 INFORMAÇÕES [main] org.apache.catalina.startup.HostConfig.deployWAR Deployment of web application archive [/home/evandro/workspace/projetos_pessoal/git/projetos/jenkins/apache-tomcat-10.1.13/webapps/tasks.war] has finished in [5.046] ms
09-Apr-2024 23:23:27.439 INFORMAÇÕES [main] org.apache.catalina.startup.HostConfig.deployWAR Deploying web application archive [/home/evandro/workspace/projetos_pessoal/git/projetos/jenkins/apache-tomcat-10.1.13/webapps/tasks-backend.war]
09-Apr-2024 23:23:29.975 INFORMAÇÕES [main] org.apache.jasper.servlet.TldScanner.scanJars At least one JAR was scanned for TLDs yet contained no TLDs. Enable debug logging for this logger for a complete list of JARs that were scanned but no TLDs were found in them. Skipping unneeded JARs during scanning can improve startup time and JSP compilation time.
09-Apr-2024 23:23:34.330 INFORMAÇÕES [main] org.apache.catalina.startup.HostConfig.deployWAR Deployment of web application archive [/home/evandro/workspace/projetos_pessoal/git/projetos/jenkins/apache-tomcat-10.1.13/webapps/tasks-backend.war] has finished in [6.891] ms
09-Apr-2024 23:23:34.331 INFORMAÇÕES [main] org.apache.catalina.startup.HostConfig.deployDirectory Diretório de instalação da aplicação web [/home/evandro/workspace/projetos_pessoal/git/projetos/jenkins/apache-tomcat-10.1.13/webapps/manager]
09-Apr-2024 23:23:34.351 INFORMAÇÕES [main] org.apache.catalina.startup.HostConfig.deployDirectory Deployment of web application directory [/home/evandro/workspace/projetos_pessoal/git/projetos/jenkins/apache-tomcat-10.1.13/webapps/manager] has finished in [19] ms
09-Apr-2024 23:23:34.351 INFORMAÇÕES [main] org.apache.catalina.startup.HostConfig.deployDirectory Diretório de instalação da aplicação web [/home/evandro/workspace/projetos_pessoal/git/projetos/jenkins/apache-tomcat-10.1.13/webapps/docs]
09-Apr-2024 23:23:34.360 INFORMAÇÕES [main] org.apache.catalina.startup.HostConfig.deployDirectory Deployment of web application directory [/home/evandro/workspace/projetos_pessoal/git/projetos/jenkins/apache-tomcat-10.1.13/webapps/docs] has finished in [8] ms
09-Apr-2024 23:23:34.360 INFORMAÇÕES [main] org.apache.catalina.startup.HostConfig.deployDirectory Diretório de instalação da aplicação web [/home/evandro/workspace/projetos_pessoal/git/projetos/jenkins/apache-tomcat-10.1.13/webapps/host-manager]
09-Apr-2024 23:23:34.370 INFORMAÇÕES [main] org.apache.catalina.startup.HostConfig.deployDirectory Deployment of web application directory [/home/evandro/workspace/projetos_pessoal/git/projetos/jenkins/apache-tomcat-10.1.13/webapps/host-manager] has finished in [10] ms
09-Apr-2024 23:23:34.370 INFORMAÇÕES [main] org.apache.catalina.startup.HostConfig.deployDirectory Diretório de instalação da aplicação web [/home/evandro/workspace/projetos_pessoal/git/projetos/jenkins/apache-tomcat-10.1.13/webapps/examples]
09-Apr-2024 23:23:34.469 INFORMAÇÕES [main] org.apache.catalina.startup.HostConfig.deployDirectory Deployment of web application directory [/home/evandro/workspace/projetos_pessoal/git/projetos/jenkins/apache-tomcat-10.1.13/webapps/examples] has finished in [99] ms
09-Apr-2024 23:23:34.472 INFORMAÇÕES [main] org.apache.coyote.AbstractProtocol.start Starting ProtocolHandler ["http-nio-8001"]
09-Apr-2024 23:23:34.480 INFORMAÇÕES [main] org.apache.catalina.startup.Catalina.start Server startup in [12162] milliseconds
09-Apr-2024 23:24:44.048 INFORMAÇÕES [http-nio-8001-exec-4] org.apache.catalina.startup.HostConfig.undeploy Undeploying context [/tasks-backend]
09-Apr-2024 23:24:44.223 INFORMAÇÕES [http-nio-8001-exec-7] org.apache.catalina.startup.HostConfig.deployWAR Deploying web application archive [/home/evandro/workspace/projetos_pessoal/git/projetos/jenkins/apache-tomcat-10.1.13/webapps/tasks-backend.war]
09-Apr-2024 23:24:46.437 INFORMAÇÕES [http-nio-8001-exec-7] org.apache.jasper.servlet.TldScanner.scanJars At least one JAR was scanned for TLDs yet contained no TLDs. Enable debug logging for this logger for a complete list of JARs that were scanned but no TLDs were found in them. Skipping unneeded JARs during scanning can improve startup time and JSP compilation time.
09-Apr-2024 23:24:51.210 INFORMAÇÕES [http-nio-8001-exec-7] org.apache.catalina.startup.HostConfig.deployWAR Deployment of web application archive [/home/evandro/workspace/projetos_pessoal/git/projetos/jenkins/apache-tomcat-10.1.13/webapps/tasks-backend.war] has finished in [6.987] ms
09-Apr-2024 23:25:02.855 INFORMAÇÕES [http-nio-8001-exec-9] org.apache.catalina.startup.HostConfig.undeploy Undeploying context [/tasks]
09-Apr-2024 23:25:02.912 INFORMAÇÕES [http-nio-8001-exec-2] org.apache.catalina.startup.HostConfig.deployWAR Deploying web application archive [/home/evandro/workspace/projetos_pessoal/git/projetos/jenkins/apache-tomcat-10.1.13/webapps/tasks.war]
09-Apr-2024 23:25:03.832 INFORMAÇÕES [http-nio-8001-exec-2] org.apache.jasper.servlet.TldScanner.scanJars At least one JAR was scanned for TLDs yet contained no TLDs. Enable debug logging for this logger for a complete list of JARs that were scanned but no TLDs were found in them. Skipping unneeded JARs during scanning can improve startup time and JSP compilation time.
09-Apr-2024 23:25:05.621 INFORMAÇÕES [http-nio-8001-exec-2] org.apache.catalina.startup.HostConfig.deployWAR Deployment of web application archive [/home/evandro/workspace/projetos_pessoal/git/projetos/jenkins/apache-tomcat-10.1.13/webapps/tasks.war] has finished in [2.708] ms
09-Apr-2024 23:45:14.455 INFORMAÇÕES [http-nio-8001-exec-16] org.apache.catalina.startup.HostConfig.undeploy Undeploying context [/tasks-backend]
09-Apr-2024 23:45:14.554 INFORMAÇÕES [http-nio-8001-exec-18] org.apache.catalina.startup.HostConfig.deployWAR Deploying web application archive [/home/evandro/workspace/projetos_pessoal/git/projetos/jenkins/apache-tomcat-10.1.13/webapps/tasks-backend.war]
09-Apr-2024 23:45:17.261 INFORMAÇÕES [http-nio-8001-exec-18] org.apache.jasper.servlet.TldScanner.scanJars At least one JAR was scanned for TLDs yet contained no TLDs. Enable debug logging for this logger for a complete list of JARs that were scanned but no TLDs were found in them. Skipping unneeded JARs during scanning can improve startup time and JSP compilation time.
09-Apr-2024 23:45:21.833 INFORMAÇÕES [http-nio-8001-exec-18] org.apache.catalina.startup.HostConfig.deployWAR Deployment of web application archive [/home/evandro/workspace/projetos_pessoal/git/projetos/jenkins/apache-tomcat-10.1.13/webapps/tasks-backend.war] has finished in [7.278] ms
09-Apr-2024 23:45:32.162 INFORMAÇÕES [http-nio-8001-exec-20] org.apache.catalina.startup.HostConfig.undeploy Undeploying context [/tasks]
09-Apr-2024 23:45:32.194 INFORMAÇÕES [http-nio-8001-exec-26] org.apache.catalina.startup.HostConfig.deployWAR Deploying web application archive [/home/evandro/workspace/projetos_pessoal/git/projetos/jenkins/apache-tomcat-10.1.13/webapps/tasks.war]
09-Apr-2024 23:45:32.856 INFORMAÇÕES [http-nio-8001-exec-26] org.apache.jasper.servlet.TldScanner.scanJars At least one JAR was scanned for TLDs yet contained no TLDs. Enable debug logging for this logger for a complete list of JARs that were scanned but no TLDs were found in them. Skipping unneeded JARs during scanning can improve startup time and JSP compilation time.
09-Apr-2024 23:45:34.168 INFORMAÇÕES [http-nio-8001-exec-26] org.apache.catalina.startup.HostConfig.deployWAR Deployment of web application archive [/home/evandro/workspace/projetos_pessoal/git/projetos/jenkins/apache-tomcat-10.1.13/webapps/tasks.war] has finished in [1.974] ms
09-Apr-2024 23:49:48.253 INFORMAÇÕES [http-nio-8001-exec-29] org.apache.catalina.startup.HostConfig.undeploy Undeploying context [/tasks-backend]
09-Apr-2024 23:49:48.378 INFORMAÇÕES [http-nio-8001-exec-14] org.apache.catalina.startup.HostConfig.deployWAR Deploying web application archive [/home/evandro/workspace/projetos_pessoal/git/projetos/jenkins/apache-tomcat-10.1.13/webapps/tasks-backend.war]
09-Apr-2024 23:49:50.152 INFORMAÇÕES [http-nio-8001-exec-14] org.apache.jasper.servlet.TldScanner.scanJars At least one JAR was scanned for TLDs yet contained no TLDs. Enable debug logging for this logger for a complete list of JARs that were scanned but no TLDs were found in them. Skipping unneeded JARs during scanning can improve startup time and JSP compilation time.
09-Apr-2024 23:49:53.176 INFORMAÇÕES [http-nio-8001-exec-14] org.apache.catalina.startup.HostConfig.deployWAR Deployment of web application archive [/home/evandro/workspace/projetos_pessoal/git/projetos/jenkins/apache-tomcat-10.1.13/webapps/tasks-backend.war] has finished in [4.798] ms
09-Apr-2024 23:50:03.001 INFORMAÇÕES [http-nio-8001-exec-28] org.apache.catalina.startup.HostConfig.undeploy Undeploying context [/tasks]
09-Apr-2024 23:50:03.042 INFORMAÇÕES [http-nio-8001-exec-32] org.apache.catalina.startup.HostConfig.deployWAR Deploying web application archive [/home/evandro/workspace/projetos_pessoal/git/projetos/jenkins/apache-tomcat-10.1.13/webapps/tasks.war]
09-Apr-2024 23:50:03.864 INFORMAÇÕES [http-nio-8001-exec-32] org.apache.jasper.servlet.TldScanner.scanJars At least one JAR was scanned for TLDs yet contained no TLDs. Enable debug logging for this logger for a complete list of JARs that were scanned but no TLDs were found in them. Skipping unneeded JARs during scanning can improve startup time and JSP compilation time.
09-Apr-2024 23:50:05.283 INFORMAÇÕES [http-nio-8001-exec-32] org.apache.catalina.startup.HostConfig.deployWAR Deployment of web application archive [/home/evandro/workspace/projetos_pessoal/git/projetos/jenkins/apache-tomcat-10.1.13/webapps/tasks.war] has finished in [2.241] ms
09-Apr-2024 23:52:09.504 INFORMAÇÕES [http-nio-8001-exec-38] org.apache.catalina.startup.HostConfig.undeploy Undeploying context [/tasks-backend]
09-Apr-2024 23:52:09.618 INFORMAÇÕES [http-nio-8001-exec-36] org.apache.catalina.startup.HostConfig.deployWAR Deploying web application archive [/home/evandro/workspace/projetos_pessoal/git/projetos/jenkins/apache-tomcat-10.1.13/webapps/tasks-backend.war]
09-Apr-2024 23:52:11.442 INFORMAÇÕES [http-nio-8001-exec-36] org.apache.jasper.servlet.TldScanner.scanJars At least one JAR was scanned for TLDs yet contained no TLDs. Enable debug logging for this logger for a complete list of JARs that were scanned but no TLDs were found in them. Skipping unneeded JARs during scanning can improve startup time and JSP compilation time.
09-Apr-2024 23:52:15.494 INFORMAÇÕES [http-nio-8001-exec-36] org.apache.catalina.startup.HostConfig.deployWAR Deployment of web application archive [/home/evandro/workspace/projetos_pessoal/git/projetos/jenkins/apache-tomcat-10.1.13/webapps/tasks-backend.war] has finished in [5.875] ms
09-Apr-2024 23:52:28.291 INFORMAÇÕES [http-nio-8001-exec-20] org.apache.catalina.startup.HostConfig.undeploy Undeploying context [/tasks]
09-Apr-2024 23:52:28.332 INFORMAÇÕES [http-nio-8001-exec-34] org.apache.catalina.startup.HostConfig.deployWAR Deploying web application archive [/home/evandro/workspace/projetos_pessoal/git/projetos/jenkins/apache-tomcat-10.1.13/webapps/tasks.war]
09-Apr-2024 23:52:29.160 INFORMAÇÕES [http-nio-8001-exec-34] org.apache.jasper.servlet.TldScanner.scanJars At least one JAR was scanned for TLDs yet contained no TLDs. Enable debug logging for this logger for a complete list of JARs that were scanned but no TLDs were found in them. Skipping unneeded JARs during scanning can improve startup time and JSP compilation time.
09-Apr-2024 23:52:30.798 INFORMAÇÕES [http-nio-8001-exec-34] org.apache.catalina.startup.HostConfig.deployWAR Deployment of web application archive [/home/evandro/workspace/projetos_pessoal/git/projetos/jenkins/apache-tomcat-10.1.13/webapps/tasks.war] has finished in [2.466] ms
09-Apr-2024 23:52:53.550 INFORMAÇÕES [http-nio-8001-exec-37] org.apache.catalina.startup.HostConfig.undeploy Undeploying context [/tasks-backend]
09-Apr-2024 23:52:53.621 INFORMAÇÕES [http-nio-8001-exec-31] org.apache.catalina.startup.HostConfig.deployWAR Deploying web application archive [/home/evandro/workspace/projetos_pessoal/git/projetos/jenkins/apache-tomcat-10.1.13/webapps/tasks-backend.war]
09-Apr-2024 23:52:55.128 INFORMAÇÕES [http-nio-8001-exec-31] org.apache.jasper.servlet.TldScanner.scanJars At least one JAR was scanned for TLDs yet contained no TLDs. Enable debug logging for this logger for a complete list of JARs that were scanned but no TLDs were found in them. Skipping unneeded JARs during scanning can improve startup time and JSP compilation time.
09-Apr-2024 23:52:59.575 INFORMAÇÕES [http-nio-8001-exec-31] org.apache.catalina.startup.HostConfig.deployWAR Deployment of web application archive [/home/evandro/workspace/projetos_pessoal/git/projetos/jenkins/apache-tomcat-10.1.13/webapps/tasks-backend.war] has finished in [5.954] ms
09-Apr-2024 23:53:12.941 INFORMAÇÕES [http-nio-8001-exec-27] org.apache.catalina.startup.HostConfig.undeploy Undeploying context [/tasks]
09-Apr-2024 23:53:12.988 INFORMAÇÕES [http-nio-8001-exec-46] org.apache.catalina.startup.HostConfig.deployWAR Deploying web application archive [/home/evandro/workspace/projetos_pessoal/git/projetos/jenkins/apache-tomcat-10.1.13/webapps/tasks.war]
09-Apr-2024 23:53:13.916 INFORMAÇÕES [http-nio-8001-exec-46] org.apache.jasper.servlet.TldScanner.scanJars At least one JAR was scanned for TLDs yet contained no TLDs. Enable debug logging for this logger for a complete list of JARs that were scanned but no TLDs were found in them. Skipping unneeded JARs during scanning can improve startup time and JSP compilation time.
09-Apr-2024 23:53:15.740 INFORMAÇÕES [http-nio-8001-exec-46] org.apache.catalina.startup.HostConfig.deployWAR Deployment of web application archive [/home/evandro/workspace/projetos_pessoal/git/projetos/jenkins/apache-tomcat-10.1.13/webapps/tasks.war] has finished in [2.752] ms
