29-Apr-2024 09:09:06.450 INFORMAÇÕES [main] org.apache.catalina.startup.VersionLoggerListener.log Server version name:   Apache Tomcat/10.1.13
29-Apr-2024 09:09:06.474 INFORMAÇÕES [main] org.apache.catalina.startup.VersionLoggerListener.log Server built:          Aug 23 2023 21:34:59 UTC
29-Apr-2024 09:09:06.475 INFORMAÇÕES [main] org.apache.catalina.startup.VersionLoggerListener.log Server version number: 10.1.13.0
29-Apr-2024 09:09:06.475 INFORMAÇÕES [main] org.apache.catalina.startup.VersionLoggerListener.log OS Name:               Linux
29-Apr-2024 09:09:06.475 INFORMAÇÕES [main] org.apache.catalina.startup.VersionLoggerListener.log OS Version:            6.5.0-28-generic
29-Apr-2024 09:09:06.475 INFORMAÇÕES [main] org.apache.catalina.startup.VersionLoggerListener.log Architecture:          amd64
29-Apr-2024 09:09:06.475 INFORMAÇÕES [main] org.apache.catalina.startup.VersionLoggerListener.log Java Home:             /usr/lib/jvm/java-17-openjdk-amd64
29-Apr-2024 09:09:06.475 INFORMAÇÕES [main] org.apache.catalina.startup.VersionLoggerListener.log JVM Version:           17.0.10+7-Ubuntu-122.04.1
29-Apr-2024 09:09:06.476 INFORMAÇÕES [main] org.apache.catalina.startup.VersionLoggerListener.log JVM Vendor:            Private Build
29-Apr-2024 09:09:06.476 INFORMAÇÕES [main] org.apache.catalina.startup.VersionLoggerListener.log CATALINA_BASE:         /home/evandro/workspace/projetos_pessoal/git/projetos/jenkins/apache-tomcat-10.1.13
29-Apr-2024 09:09:06.476 INFORMAÇÕES [main] org.apache.catalina.startup.VersionLoggerListener.log CATALINA_HOME:         /home/evandro/workspace/projetos_pessoal/git/projetos/jenkins/apache-tomcat-10.1.13
29-Apr-2024 09:09:06.557 INFORMAÇÕES [main] org.apache.catalina.startup.VersionLoggerListener.log Command line argument: -Djava.util.logging.config.file=/home/evandro/workspace/projetos_pessoal/git/projetos/jenkins/apache-tomcat-10.1.13/conf/logging.properties
29-Apr-2024 09:09:06.558 INFORMAÇÕES [main] org.apache.catalina.startup.VersionLoggerListener.log Command line argument: -Djava.util.logging.manager=org.apache.juli.ClassLoaderLogManager
29-Apr-2024 09:09:06.558 INFORMAÇÕES [main] org.apache.catalina.startup.VersionLoggerListener.log Command line argument: -Djdk.tls.ephemeralDHKeySize=2048
29-Apr-2024 09:09:06.558 INFORMAÇÕES [main] org.apache.catalina.startup.VersionLoggerListener.log Command line argument: -Djava.protocol.handler.pkgs=org.apache.catalina.webresources
29-Apr-2024 09:09:06.558 INFORMAÇÕES [main] org.apache.catalina.startup.VersionLoggerListener.log Command line argument: -Dorg.apache.catalina.security.SecurityListener.UMASK=0027
29-Apr-2024 09:09:06.558 INFORMAÇÕES [main] org.apache.catalina.startup.VersionLoggerListener.log Command line argument: --add-opens=java.base/java.lang=ALL-UNNAMED
29-Apr-2024 09:09:06.558 INFORMAÇÕES [main] org.apache.catalina.startup.VersionLoggerListener.log Command line argument: --add-opens=java.base/java.io=ALL-UNNAMED
29-Apr-2024 09:09:06.559 INFORMAÇÕES [main] org.apache.catalina.startup.VersionLoggerListener.log Command line argument: --add-opens=java.base/java.util=ALL-UNNAMED
29-Apr-2024 09:09:06.559 INFORMAÇÕES [main] org.apache.catalina.startup.VersionLoggerListener.log Command line argument: --add-opens=java.base/java.util.concurrent=ALL-UNNAMED
29-Apr-2024 09:09:06.559 INFORMAÇÕES [main] org.apache.catalina.startup.VersionLoggerListener.log Command line argument: --add-opens=java.rmi/sun.rmi.transport=ALL-UNNAMED
29-Apr-2024 09:09:06.559 INFORMAÇÕES [main] org.apache.catalina.startup.VersionLoggerListener.log Command line argument: -Dcatalina.base=/home/evandro/workspace/projetos_pessoal/git/projetos/jenkins/apache-tomcat-10.1.13
29-Apr-2024 09:09:06.559 INFORMAÇÕES [main] org.apache.catalina.startup.VersionLoggerListener.log Command line argument: -Dcatalina.home=/home/evandro/workspace/projetos_pessoal/git/projetos/jenkins/apache-tomcat-10.1.13
29-Apr-2024 09:09:06.559 INFORMAÇÕES [main] org.apache.catalina.startup.VersionLoggerListener.log Command line argument: -Djava.io.tmpdir=/home/evandro/workspace/projetos_pessoal/git/projetos/jenkins/apache-tomcat-10.1.13/temp
29-Apr-2024 09:09:06.602 INFORMAÇÕES [main] org.apache.catalina.core.AprLifecycleListener.lifecycleEvent The Apache Tomcat Native library which allows using OpenSSL was not found on the java.library.path: [/usr/java/packages/lib:/usr/lib/x86_64-linux-gnu/jni:/lib/x86_64-linux-gnu:/usr/lib/x86_64-linux-gnu:/usr/lib/jni:/lib:/usr/lib]
29-Apr-2024 09:09:07.789 INFORMAÇÕES [main] org.apache.coyote.AbstractProtocol.init Initializing ProtocolHandler ["http-nio-8001"]
29-Apr-2024 09:09:07.986 INFORMAÇÕES [main] org.apache.catalina.startup.Catalina.load Server initialization in [2384] milliseconds
29-Apr-2024 09:09:08.148 INFORMAÇÕES [main] org.apache.catalina.core.StandardService.startInternal Starting service [Catalina]
29-Apr-2024 09:09:08.150 INFORMAÇÕES [main] org.apache.catalina.core.StandardEngine.startInternal Starting Servlet engine: [Apache Tomcat/10.1.13]
29-Apr-2024 09:09:08.281 INFORMAÇÕES [main] org.apache.catalina.startup.HostConfig.deployWAR Deploying web application archive [/home/evandro/workspace/projetos_pessoal/git/projetos/jenkins/apache-tomcat-10.1.13/webapps/tasks.war]
29-Apr-2024 09:09:12.877 INFORMAÇÕES [main] org.apache.jasper.servlet.TldScanner.scanJars At least one JAR was scanned for TLDs yet contained no TLDs. Enable debug logging for this logger for a complete list of JARs that were scanned but no TLDs were found in them. Skipping unneeded JARs during scanning can improve startup time and JSP compilation time.
29-Apr-2024 09:09:18.496 INFORMAÇÕES [main] org.apache.catalina.startup.HostConfig.deployWAR Deployment of web application archive [/home/evandro/workspace/projetos_pessoal/git/projetos/jenkins/apache-tomcat-10.1.13/webapps/tasks.war] has finished in [10.214] ms
29-Apr-2024 09:09:18.500 INFORMAÇÕES [main] org.apache.catalina.startup.HostConfig.deployWAR Deploying web application archive [/home/evandro/workspace/projetos_pessoal/git/projetos/jenkins/apache-tomcat-10.1.13/webapps/tasks-backend.war]
29-Apr-2024 09:09:21.805 INFORMAÇÕES [main] org.apache.jasper.servlet.TldScanner.scanJars At least one JAR was scanned for TLDs yet contained no TLDs. Enable debug logging for this logger for a complete list of JARs that were scanned but no TLDs were found in them. Skipping unneeded JARs during scanning can improve startup time and JSP compilation time.
29-Apr-2024 09:09:29.600 INFORMAÇÕES [main] org.apache.catalina.startup.HostConfig.deployWAR Deployment of web application archive [/home/evandro/workspace/projetos_pessoal/git/projetos/jenkins/apache-tomcat-10.1.13/webapps/tasks-backend.war] has finished in [11.100] ms
29-Apr-2024 09:09:29.601 INFORMAÇÕES [main] org.apache.catalina.startup.HostConfig.deployDirectory Diretório de instalação da aplicação web [/home/evandro/workspace/projetos_pessoal/git/projetos/jenkins/apache-tomcat-10.1.13/webapps/manager]
29-Apr-2024 09:09:29.656 INFORMAÇÕES [main] org.apache.catalina.startup.HostConfig.deployDirectory Deployment of web application directory [/home/evandro/workspace/projetos_pessoal/git/projetos/jenkins/apache-tomcat-10.1.13/webapps/manager] has finished in [55] ms
29-Apr-2024 09:09:29.656 INFORMAÇÕES [main] org.apache.catalina.startup.HostConfig.deployDirectory Diretório de instalação da aplicação web [/home/evandro/workspace/projetos_pessoal/git/projetos/jenkins/apache-tomcat-10.1.13/webapps/docs]
29-Apr-2024 09:09:29.677 INFORMAÇÕES [main] org.apache.catalina.startup.HostConfig.deployDirectory Deployment of web application directory [/home/evandro/workspace/projetos_pessoal/git/projetos/jenkins/apache-tomcat-10.1.13/webapps/docs] has finished in [21] ms
29-Apr-2024 09:09:29.677 INFORMAÇÕES [main] org.apache.catalina.startup.HostConfig.deployDirectory Diretório de instalação da aplicação web [/home/evandro/workspace/projetos_pessoal/git/projetos/jenkins/apache-tomcat-10.1.13/webapps/host-manager]
29-Apr-2024 09:09:29.690 INFORMAÇÕES [main] org.apache.catalina.startup.HostConfig.deployDirectory Deployment of web application directory [/home/evandro/workspace/projetos_pessoal/git/projetos/jenkins/apache-tomcat-10.1.13/webapps/host-manager] has finished in [12] ms
29-Apr-2024 09:09:29.690 INFORMAÇÕES [main] org.apache.catalina.startup.HostConfig.deployDirectory Diretório de instalação da aplicação web [/home/evandro/workspace/projetos_pessoal/git/projetos/jenkins/apache-tomcat-10.1.13/webapps/examples]
29-Apr-2024 09:09:29.872 INFORMAÇÕES [main] org.apache.catalina.startup.HostConfig.deployDirectory Deployment of web application directory [/home/evandro/workspace/projetos_pessoal/git/projetos/jenkins/apache-tomcat-10.1.13/webapps/examples] has finished in [181] ms
29-Apr-2024 09:09:29.876 INFORMAÇÕES [main] org.apache.coyote.AbstractProtocol.start Starting ProtocolHandler ["http-nio-8001"]
29-Apr-2024 09:09:29.895 INFORMAÇÕES [main] org.apache.catalina.startup.Catalina.start Server startup in [21908] milliseconds
29-Apr-2024 09:27:26.016 INFORMAÇÕES [http-nio-8001-exec-2] org.apache.catalina.startup.HostConfig.undeploy Undeploying context [/tasks-backend]
29-Apr-2024 09:27:26.187 INFORMAÇÕES [http-nio-8001-exec-5] org.apache.catalina.startup.HostConfig.deployWAR Deploying web application archive [/home/evandro/workspace/projetos_pessoal/git/projetos/jenkins/apache-tomcat-10.1.13/webapps/tasks-backend.war]
29-Apr-2024 09:27:28.521 INFORMAÇÕES [http-nio-8001-exec-5] org.apache.jasper.servlet.TldScanner.scanJars At least one JAR was scanned for TLDs yet contained no TLDs. Enable debug logging for this logger for a complete list of JARs that were scanned but no TLDs were found in them. Skipping unneeded JARs during scanning can improve startup time and JSP compilation time.
29-Apr-2024 09:27:34.530 INFORMAÇÕES [http-nio-8001-exec-5] org.apache.catalina.startup.HostConfig.deployWAR Deployment of web application archive [/home/evandro/workspace/projetos_pessoal/git/projetos/jenkins/apache-tomcat-10.1.13/webapps/tasks-backend.war] has finished in [8.343] ms
29-Apr-2024 09:27:49.629 INFORMAÇÕES [http-nio-8001-exec-12] org.apache.catalina.startup.HostConfig.undeploy Undeploying context [/tasks]
29-Apr-2024 09:27:49.709 INFORMAÇÕES [http-nio-8001-exec-3] org.apache.catalina.startup.HostConfig.deployWAR Deploying web application archive [/home/evandro/workspace/projetos_pessoal/git/projetos/jenkins/apache-tomcat-10.1.13/webapps/tasks.war]
29-Apr-2024 09:27:50.763 INFORMAÇÕES [http-nio-8001-exec-3] org.apache.jasper.servlet.TldScanner.scanJars At least one JAR was scanned for TLDs yet contained no TLDs. Enable debug logging for this logger for a complete list of JARs that were scanned but no TLDs were found in them. Skipping unneeded JARs during scanning can improve startup time and JSP compilation time.
29-Apr-2024 09:27:52.900 INFORMAÇÕES [http-nio-8001-exec-3] org.apache.catalina.startup.HostConfig.deployWAR Deployment of web application archive [/home/evandro/workspace/projetos_pessoal/git/projetos/jenkins/apache-tomcat-10.1.13/webapps/tasks.war] has finished in [3.190] ms
29-Apr-2024 09:32:41.814 INFORMAÇÕES [http-nio-8001-exec-18] org.apache.catalina.startup.HostConfig.undeploy Undeploying context [/tasks-backend]
29-Apr-2024 09:32:42.160 INFORMAÇÕES [http-nio-8001-exec-12] org.apache.catalina.startup.HostConfig.deployWAR Deploying web application archive [/home/evandro/workspace/projetos_pessoal/git/projetos/jenkins/apache-tomcat-10.1.13/webapps/tasks-backend.war]
29-Apr-2024 09:32:45.795 INFORMAÇÕES [http-nio-8001-exec-12] org.apache.jasper.servlet.TldScanner.scanJars At least one JAR was scanned for TLDs yet contained no TLDs. Enable debug logging for this logger for a complete list of JARs that were scanned but no TLDs were found in them. Skipping unneeded JARs during scanning can improve startup time and JSP compilation time.
29-Apr-2024 09:32:59.017 INFORMAÇÕES [http-nio-8001-exec-12] org.apache.catalina.startup.HostConfig.deployWAR Deployment of web application archive [/home/evandro/workspace/projetos_pessoal/git/projetos/jenkins/apache-tomcat-10.1.13/webapps/tasks-backend.war] has finished in [16.858] ms
29-Apr-2024 09:33:22.387 INFORMAÇÕES [http-nio-8001-exec-24] org.apache.catalina.startup.HostConfig.undeploy Undeploying context [/tasks]
29-Apr-2024 09:33:22.444 INFORMAÇÕES [http-nio-8001-exec-25] org.apache.catalina.startup.HostConfig.deployWAR Deploying web application archive [/home/evandro/workspace/projetos_pessoal/git/projetos/jenkins/apache-tomcat-10.1.13/webapps/tasks.war]
29-Apr-2024 09:33:23.620 INFORMAÇÕES [http-nio-8001-exec-25] org.apache.jasper.servlet.TldScanner.scanJars At least one JAR was scanned for TLDs yet contained no TLDs. Enable debug logging for this logger for a complete list of JARs that were scanned but no TLDs were found in them. Skipping unneeded JARs during scanning can improve startup time and JSP compilation time.
29-Apr-2024 09:33:26.809 INFORMAÇÕES [http-nio-8001-exec-25] org.apache.catalina.startup.HostConfig.deployWAR Deployment of web application archive [/home/evandro/workspace/projetos_pessoal/git/projetos/jenkins/apache-tomcat-10.1.13/webapps/tasks.war] has finished in [4.364] ms
29-Apr-2024 09:40:24.585 INFORMAÇÕES [http-nio-8001-exec-29] org.apache.catalina.startup.HostConfig.undeploy Undeploying context [/tasks-backend]
29-Apr-2024 09:40:24.756 INFORMAÇÕES [http-nio-8001-exec-30] org.apache.catalina.startup.HostConfig.deployWAR Deploying web application archive [/home/evandro/workspace/projetos_pessoal/git/projetos/jenkins/apache-tomcat-10.1.13/webapps/tasks-backend.war]
29-Apr-2024 09:40:27.574 INFORMAÇÕES [http-nio-8001-exec-30] org.apache.jasper.servlet.TldScanner.scanJars At least one JAR was scanned for TLDs yet contained no TLDs. Enable debug logging for this logger for a complete list of JARs that were scanned but no TLDs were found in them. Skipping unneeded JARs during scanning can improve startup time and JSP compilation time.
29-Apr-2024 09:40:37.321 INFORMAÇÕES [http-nio-8001-exec-30] org.apache.catalina.startup.HostConfig.deployWAR Deployment of web application archive [/home/evandro/workspace/projetos_pessoal/git/projetos/jenkins/apache-tomcat-10.1.13/webapps/tasks-backend.war] has finished in [12.564] ms
29-Apr-2024 09:41:00.492 INFORMAÇÕES [http-nio-8001-exec-39] org.apache.catalina.startup.HostConfig.undeploy Undeploying context [/tasks]
29-Apr-2024 09:41:00.993 INFORMAÇÕES [Catalina-utility-1] org.apache.catalina.startup.HostConfig.undeploy Undeploying context [/tasks]
29-Apr-2024 09:41:56.038 INFORMAÇÕES [http-nio-8001-exec-40] org.apache.catalina.startup.HostConfig.undeploy Undeploying context [/tasks-backend]
29-Apr-2024 09:41:56.307 INFORMAÇÕES [http-nio-8001-exec-36] org.apache.catalina.startup.HostConfig.deployWAR Deploying web application archive [/home/evandro/workspace/projetos_pessoal/git/projetos/jenkins/apache-tomcat-10.1.13/webapps/tasks-backend.war]
29-Apr-2024 09:41:59.615 INFORMAÇÕES [http-nio-8001-exec-36] org.apache.jasper.servlet.TldScanner.scanJars At least one JAR was scanned for TLDs yet contained no TLDs. Enable debug logging for this logger for a complete list of JARs that were scanned but no TLDs were found in them. Skipping unneeded JARs during scanning can improve startup time and JSP compilation time.
29-Apr-2024 09:42:08.075 INFORMAÇÕES [http-nio-8001-exec-36] org.apache.catalina.startup.HostConfig.deployWAR Deployment of web application archive [/home/evandro/workspace/projetos_pessoal/git/projetos/jenkins/apache-tomcat-10.1.13/webapps/tasks-backend.war] has finished in [11.768] ms
29-Apr-2024 09:42:32.630 INFORMAÇÕES [http-nio-8001-exec-44] org.apache.catalina.startup.HostConfig.deployWAR Deploying web application archive [/home/evandro/workspace/projetos_pessoal/git/projetos/jenkins/apache-tomcat-10.1.13/webapps/tasks.war]
29-Apr-2024 09:42:34.015 INFORMAÇÕES [http-nio-8001-exec-44] org.apache.jasper.servlet.TldScanner.scanJars At least one JAR was scanned for TLDs yet contained no TLDs. Enable debug logging for this logger for a complete list of JARs that were scanned but no TLDs were found in them. Skipping unneeded JARs during scanning can improve startup time and JSP compilation time.
29-Apr-2024 09:42:37.621 INFORMAÇÕES [http-nio-8001-exec-44] org.apache.catalina.startup.HostConfig.deployWAR Deployment of web application archive [/home/evandro/workspace/projetos_pessoal/git/projetos/jenkins/apache-tomcat-10.1.13/webapps/tasks.war] has finished in [4.991] ms
29-Apr-2024 09:52:49.015 INFORMAÇÕES [http-nio-8001-exec-46] org.apache.catalina.startup.HostConfig.undeploy Undeploying context [/tasks-backend]
29-Apr-2024 09:52:49.241 INFORMAÇÕES [http-nio-8001-exec-54] org.apache.catalina.startup.HostConfig.deployWAR Deploying web application archive [/home/evandro/workspace/projetos_pessoal/git/projetos/jenkins/apache-tomcat-10.1.13/webapps/tasks-backend.war]
29-Apr-2024 09:52:52.815 INFORMAÇÕES [http-nio-8001-exec-54] org.apache.jasper.servlet.TldScanner.scanJars At least one JAR was scanned for TLDs yet contained no TLDs. Enable debug logging for this logger for a complete list of JARs that were scanned but no TLDs were found in them. Skipping unneeded JARs during scanning can improve startup time and JSP compilation time.
29-Apr-2024 09:53:04.810 INFORMAÇÕES [http-nio-8001-exec-54] org.apache.catalina.startup.HostConfig.deployWAR Deployment of web application archive [/home/evandro/workspace/projetos_pessoal/git/projetos/jenkins/apache-tomcat-10.1.13/webapps/tasks-backend.war] has finished in [15.568] ms
29-Apr-2024 09:53:32.388 INFORMAÇÕES [http-nio-8001-exec-55] org.apache.catalina.startup.HostConfig.undeploy Undeploying context [/tasks]
29-Apr-2024 09:53:32.491 INFORMAÇÕES [http-nio-8001-exec-49] org.apache.catalina.startup.HostConfig.deployWAR Deploying web application archive [/home/evandro/workspace/projetos_pessoal/git/projetos/jenkins/apache-tomcat-10.1.13/webapps/tasks.war]
29-Apr-2024 09:53:34.135 INFORMAÇÕES [http-nio-8001-exec-49] org.apache.jasper.servlet.TldScanner.scanJars At least one JAR was scanned for TLDs yet contained no TLDs. Enable debug logging for this logger for a complete list of JARs that were scanned but no TLDs were found in them. Skipping unneeded JARs during scanning can improve startup time and JSP compilation time.
29-Apr-2024 09:53:38.526 INFORMAÇÕES [http-nio-8001-exec-49] org.apache.catalina.startup.HostConfig.deployWAR Deployment of web application archive [/home/evandro/workspace/projetos_pessoal/git/projetos/jenkins/apache-tomcat-10.1.13/webapps/tasks.war] has finished in [6.035] ms
29-Apr-2024 09:56:45.516 INFORMAÇÕES [http-nio-8001-exec-61] org.apache.catalina.startup.HostConfig.undeploy Undeploying context [/tasks-backend]
29-Apr-2024 09:56:45.633 INFORMAÇÕES [http-nio-8001-exec-58] org.apache.catalina.startup.HostConfig.deployWAR Deploying web application archive [/home/evandro/workspace/projetos_pessoal/git/projetos/jenkins/apache-tomcat-10.1.13/webapps/tasks-backend.war]
29-Apr-2024 09:56:47.445 INFORMAÇÕES [http-nio-8001-exec-58] org.apache.jasper.servlet.TldScanner.scanJars At least one JAR was scanned for TLDs yet contained no TLDs. Enable debug logging for this logger for a complete list of JARs that were scanned but no TLDs were found in them. Skipping unneeded JARs during scanning can improve startup time and JSP compilation time.
29-Apr-2024 09:56:55.736 INFORMAÇÕES [http-nio-8001-exec-58] org.apache.catalina.startup.HostConfig.deployWAR Deployment of web application archive [/home/evandro/workspace/projetos_pessoal/git/projetos/jenkins/apache-tomcat-10.1.13/webapps/tasks-backend.war] has finished in [10.102] ms
29-Apr-2024 09:57:24.760 INFORMAÇÕES [http-nio-8001-exec-66] org.apache.catalina.startup.HostConfig.undeploy Undeploying context [/tasks]
29-Apr-2024 09:57:24.879 INFORMAÇÕES [http-nio-8001-exec-68] org.apache.catalina.startup.HostConfig.deployWAR Deploying web application archive [/home/evandro/workspace/projetos_pessoal/git/projetos/jenkins/apache-tomcat-10.1.13/webapps/tasks.war]
29-Apr-2024 09:57:26.443 INFORMAÇÕES [http-nio-8001-exec-68] org.apache.jasper.servlet.TldScanner.scanJars At least one JAR was scanned for TLDs yet contained no TLDs. Enable debug logging for this logger for a complete list of JARs that were scanned but no TLDs were found in them. Skipping unneeded JARs during scanning can improve startup time and JSP compilation time.
29-Apr-2024 09:57:31.552 INFORMAÇÕES [http-nio-8001-exec-68] org.apache.catalina.startup.HostConfig.deployWAR Deployment of web application archive [/home/evandro/workspace/projetos_pessoal/git/projetos/jenkins/apache-tomcat-10.1.13/webapps/tasks.war] has finished in [6.672] ms
29-Apr-2024 10:01:04.365 INFORMAÇÕES [main] org.apache.catalina.core.StandardServer.await A valid shutdown command was received via the shutdown port. Stopping the Server instance.
29-Apr-2024 10:01:04.366 INFORMAÇÕES [main] org.apache.coyote.AbstractProtocol.pause Pausing ProtocolHandler ["http-nio-8001"]
29-Apr-2024 10:01:04.367 INFORMAÇÕES [main] org.apache.catalina.core.StandardService.stopInternal Stopping service [Catalina]
29-Apr-2024 10:01:04.413 INFORMAÇÕES [main] org.apache.coyote.AbstractProtocol.stop Stopping ProtocolHandler ["http-nio-8001"]
29-Apr-2024 10:01:04.423 INFORMAÇÕES [main] org.apache.coyote.AbstractProtocol.destroy Destroying ProtocolHandler ["http-nio-8001"]
