10-Apr-2024 00:21:51.728 INFORMAÇÕES [http-nio-8001-exec-50] org.apache.catalina.startup.HostConfig.undeploy Undeploying context [/tasks-backend]
10-Apr-2024 00:21:51.821 INFORMAÇÕES [http-nio-8001-exec-55] org.apache.catalina.startup.HostConfig.deployWAR Deploying web application archive [/home/evandro/workspace/projetos_pessoal/git/projetos/jenkins/apache-tomcat-10.1.13/webapps/tasks-backend.war]
10-Apr-2024 00:21:53.649 INFORMAÇÕES [http-nio-8001-exec-55] org.apache.jasper.servlet.TldScanner.scanJars At least one JAR was scanned for TLDs yet contained no TLDs. Enable debug logging for this logger for a complete list of JARs that were scanned but no TLDs were found in them. Skipping unneeded JARs during scanning can improve startup time and JSP compilation time.
10-Apr-2024 00:21:57.169 INFORMAÇÕES [http-nio-8001-exec-55] org.apache.catalina.startup.HostConfig.deployWAR Deployment of web application archive [/home/evandro/workspace/projetos_pessoal/git/projetos/jenkins/apache-tomcat-10.1.13/webapps/tasks-backend.war] has finished in [5.348] ms
10-Apr-2024 00:22:12.795 INFORMAÇÕES [http-nio-8001-exec-57] org.apache.catalina.startup.HostConfig.undeploy Undeploying context [/tasks]
10-Apr-2024 00:22:12.836 INFORMAÇÕES [http-nio-8001-exec-60] org.apache.catalina.startup.HostConfig.deployWAR Deploying web application archive [/home/evandro/workspace/projetos_pessoal/git/projetos/jenkins/apache-tomcat-10.1.13/webapps/tasks.war]
10-Apr-2024 00:22:13.734 INFORMAÇÕES [http-nio-8001-exec-60] org.apache.jasper.servlet.TldScanner.scanJars At least one JAR was scanned for TLDs yet contained no TLDs. Enable debug logging for this logger for a complete list of JARs that were scanned but no TLDs were found in them. Skipping unneeded JARs during scanning can improve startup time and JSP compilation time.
10-Apr-2024 00:22:15.200 INFORMAÇÕES [http-nio-8001-exec-60] org.apache.catalina.startup.HostConfig.deployWAR Deployment of web application archive [/home/evandro/workspace/projetos_pessoal/git/projetos/jenkins/apache-tomcat-10.1.13/webapps/tasks.war] has finished in [2.363] ms
10-Apr-2024 19:53:30.436 INFORMAÇÕES [main] org.apache.catalina.startup.VersionLoggerListener.log Server version name:   Apache Tomcat/10.1.13
10-Apr-2024 19:53:30.439 INFORMAÇÕES [main] org.apache.catalina.startup.VersionLoggerListener.log Server built:          Aug 23 2023 21:34:59 UTC
10-Apr-2024 19:53:30.439 INFORMAÇÕES [main] org.apache.catalina.startup.VersionLoggerListener.log Server version number: 10.1.13.0
10-Apr-2024 19:53:30.439 INFORMAÇÕES [main] org.apache.catalina.startup.VersionLoggerListener.log OS Name:               Linux
10-Apr-2024 19:53:30.439 INFORMAÇÕES [main] org.apache.catalina.startup.VersionLoggerListener.log OS Version:            6.5.0-26-generic
10-Apr-2024 19:53:30.439 INFORMAÇÕES [main] org.apache.catalina.startup.VersionLoggerListener.log Architecture:          amd64
10-Apr-2024 19:53:30.439 INFORMAÇÕES [main] org.apache.catalina.startup.VersionLoggerListener.log Java Home:             /usr/lib/jvm/java-17-openjdk-amd64
10-Apr-2024 19:53:30.439 INFORMAÇÕES [main] org.apache.catalina.startup.VersionLoggerListener.log JVM Version:           17.0.10+7-Ubuntu-122.04.1
10-Apr-2024 19:53:30.439 INFORMAÇÕES [main] org.apache.catalina.startup.VersionLoggerListener.log JVM Vendor:            Private Build
10-Apr-2024 19:53:30.439 INFORMAÇÕES [main] org.apache.catalina.startup.VersionLoggerListener.log CATALINA_BASE:         /home/evandro/workspace/projetos_pessoal/git/projetos/jenkins/apache-tomcat-10.1.13
10-Apr-2024 19:53:30.439 INFORMAÇÕES [main] org.apache.catalina.startup.VersionLoggerListener.log CATALINA_HOME:         /home/evandro/workspace/projetos_pessoal/git/projetos/jenkins/apache-tomcat-10.1.13
10-Apr-2024 19:53:30.445 INFORMAÇÕES [main] org.apache.catalina.startup.VersionLoggerListener.log Command line argument: -Djava.util.logging.config.file=/home/evandro/workspace/projetos_pessoal/git/projetos/jenkins/apache-tomcat-10.1.13/conf/logging.properties
10-Apr-2024 19:53:30.446 INFORMAÇÕES [main] org.apache.catalina.startup.VersionLoggerListener.log Command line argument: -Djava.util.logging.manager=org.apache.juli.ClassLoaderLogManager
10-Apr-2024 19:53:30.446 INFORMAÇÕES [main] org.apache.catalina.startup.VersionLoggerListener.log Command line argument: -Djdk.tls.ephemeralDHKeySize=2048
10-Apr-2024 19:53:30.446 INFORMAÇÕES [main] org.apache.catalina.startup.VersionLoggerListener.log Command line argument: -Djava.protocol.handler.pkgs=org.apache.catalina.webresources
10-Apr-2024 19:53:30.446 INFORMAÇÕES [main] org.apache.catalina.startup.VersionLoggerListener.log Command line argument: -Dorg.apache.catalina.security.SecurityListener.UMASK=0027
10-Apr-2024 19:53:30.446 INFORMAÇÕES [main] org.apache.catalina.startup.VersionLoggerListener.log Command line argument: --add-opens=java.base/java.lang=ALL-UNNAMED
10-Apr-2024 19:53:30.446 INFORMAÇÕES [main] org.apache.catalina.startup.VersionLoggerListener.log Command line argument: --add-opens=java.base/java.io=ALL-UNNAMED
10-Apr-2024 19:53:30.446 INFORMAÇÕES [main] org.apache.catalina.startup.VersionLoggerListener.log Command line argument: --add-opens=java.base/java.util=ALL-UNNAMED
10-Apr-2024 19:53:30.446 INFORMAÇÕES [main] org.apache.catalina.startup.VersionLoggerListener.log Command line argument: --add-opens=java.base/java.util.concurrent=ALL-UNNAMED
10-Apr-2024 19:53:30.446 INFORMAÇÕES [main] org.apache.catalina.startup.VersionLoggerListener.log Command line argument: --add-opens=java.rmi/sun.rmi.transport=ALL-UNNAMED
10-Apr-2024 19:53:30.446 INFORMAÇÕES [main] org.apache.catalina.startup.VersionLoggerListener.log Command line argument: -Dcatalina.base=/home/evandro/workspace/projetos_pessoal/git/projetos/jenkins/apache-tomcat-10.1.13
10-Apr-2024 19:53:30.446 INFORMAÇÕES [main] org.apache.catalina.startup.VersionLoggerListener.log Command line argument: -Dcatalina.home=/home/evandro/workspace/projetos_pessoal/git/projetos/jenkins/apache-tomcat-10.1.13
10-Apr-2024 19:53:30.446 INFORMAÇÕES [main] org.apache.catalina.startup.VersionLoggerListener.log Command line argument: -Djava.io.tmpdir=/home/evandro/workspace/projetos_pessoal/git/projetos/jenkins/apache-tomcat-10.1.13/temp
10-Apr-2024 19:53:30.447 INFORMAÇÕES [main] org.apache.catalina.core.AprLifecycleListener.lifecycleEvent The Apache Tomcat Native library which allows using OpenSSL was not found on the java.library.path: [/usr/java/packages/lib:/usr/lib/x86_64-linux-gnu/jni:/lib/x86_64-linux-gnu:/usr/lib/x86_64-linux-gnu:/usr/lib/jni:/lib:/usr/lib]
10-Apr-2024 19:53:30.654 INFORMAÇÕES [main] org.apache.coyote.AbstractProtocol.init Initializing ProtocolHandler ["http-nio-8001"]
10-Apr-2024 19:53:30.673 INFORMAÇÕES [main] org.apache.catalina.startup.Catalina.load Server initialization in [359] milliseconds
10-Apr-2024 19:53:30.709 INFORMAÇÕES [main] org.apache.catalina.core.StandardService.startInternal Starting service [Catalina]
10-Apr-2024 19:53:30.710 INFORMAÇÕES [main] org.apache.catalina.core.StandardEngine.startInternal Starting Servlet engine: [Apache Tomcat/10.1.13]
10-Apr-2024 19:53:30.729 INFORMAÇÕES [main] org.apache.catalina.startup.HostConfig.deployWAR Deploying web application archive [/home/evandro/workspace/projetos_pessoal/git/projetos/jenkins/apache-tomcat-10.1.13/webapps/tasks.war]
10-Apr-2024 19:53:31.993 INFORMAÇÕES [main] org.apache.jasper.servlet.TldScanner.scanJars At least one JAR was scanned for TLDs yet contained no TLDs. Enable debug logging for this logger for a complete list of JARs that were scanned but no TLDs were found in them. Skipping unneeded JARs during scanning can improve startup time and JSP compilation time.
10-Apr-2024 19:53:33.819 INFORMAÇÕES [main] org.apache.catalina.startup.HostConfig.deployWAR Deployment of web application archive [/home/evandro/workspace/projetos_pessoal/git/projetos/jenkins/apache-tomcat-10.1.13/webapps/tasks.war] has finished in [3.090] ms
10-Apr-2024 19:53:33.821 INFORMAÇÕES [main] org.apache.catalina.startup.HostConfig.deployWAR Deploying web application archive [/home/evandro/workspace/projetos_pessoal/git/projetos/jenkins/apache-tomcat-10.1.13/webapps/tasks-backend.war]
10-Apr-2024 19:53:35.580 INFORMAÇÕES [main] org.apache.jasper.servlet.TldScanner.scanJars At least one JAR was scanned for TLDs yet contained no TLDs. Enable debug logging for this logger for a complete list of JARs that were scanned but no TLDs were found in them. Skipping unneeded JARs during scanning can improve startup time and JSP compilation time.
10-Apr-2024 19:53:39.206 INFORMAÇÕES [main] org.apache.catalina.startup.HostConfig.deployWAR Deployment of web application archive [/home/evandro/workspace/projetos_pessoal/git/projetos/jenkins/apache-tomcat-10.1.13/webapps/tasks-backend.war] has finished in [5.385] ms
10-Apr-2024 19:53:39.217 INFORMAÇÕES [main] org.apache.catalina.startup.HostConfig.deployDirectory Diretório de instalação da aplicação web [/home/evandro/workspace/projetos_pessoal/git/projetos/jenkins/apache-tomcat-10.1.13/webapps/manager]
10-Apr-2024 19:53:39.236 INFORMAÇÕES [main] org.apache.catalina.startup.HostConfig.deployDirectory Deployment of web application directory [/home/evandro/workspace/projetos_pessoal/git/projetos/jenkins/apache-tomcat-10.1.13/webapps/manager] has finished in [20] ms
10-Apr-2024 19:53:39.236 INFORMAÇÕES [main] org.apache.catalina.startup.HostConfig.deployDirectory Diretório de instalação da aplicação web [/home/evandro/workspace/projetos_pessoal/git/projetos/jenkins/apache-tomcat-10.1.13/webapps/docs]
10-Apr-2024 19:53:39.248 INFORMAÇÕES [main] org.apache.catalina.startup.HostConfig.deployDirectory Deployment of web application directory [/home/evandro/workspace/projetos_pessoal/git/projetos/jenkins/apache-tomcat-10.1.13/webapps/docs] has finished in [12] ms
10-Apr-2024 19:53:39.248 INFORMAÇÕES [main] org.apache.catalina.startup.HostConfig.deployDirectory Diretório de instalação da aplicação web [/home/evandro/workspace/projetos_pessoal/git/projetos/jenkins/apache-tomcat-10.1.13/webapps/host-manager]
10-Apr-2024 19:53:39.259 INFORMAÇÕES [main] org.apache.catalina.startup.HostConfig.deployDirectory Deployment of web application directory [/home/evandro/workspace/projetos_pessoal/git/projetos/jenkins/apache-tomcat-10.1.13/webapps/host-manager] has finished in [11] ms
10-Apr-2024 19:53:39.259 INFORMAÇÕES [main] org.apache.catalina.startup.HostConfig.deployDirectory Diretório de instalação da aplicação web [/home/evandro/workspace/projetos_pessoal/git/projetos/jenkins/apache-tomcat-10.1.13/webapps/examples]
10-Apr-2024 19:53:39.354 INFORMAÇÕES [main] org.apache.catalina.startup.HostConfig.deployDirectory Deployment of web application directory [/home/evandro/workspace/projetos_pessoal/git/projetos/jenkins/apache-tomcat-10.1.13/webapps/examples] has finished in [95] ms
10-Apr-2024 19:53:39.356 INFORMAÇÕES [main] org.apache.coyote.AbstractProtocol.start Starting ProtocolHandler ["http-nio-8001"]
10-Apr-2024 19:53:39.363 INFORMAÇÕES [main] org.apache.catalina.startup.Catalina.start Server startup in [8689] milliseconds
10-Apr-2024 19:56:06.092 INFORMAÇÕES [http-nio-8001-exec-4] org.apache.catalina.startup.HostConfig.undeploy Undeploying context [/tasks-backend]
10-Apr-2024 19:56:06.210 INFORMAÇÕES [http-nio-8001-exec-6] org.apache.catalina.startup.HostConfig.deployWAR Deploying web application archive [/home/evandro/workspace/projetos_pessoal/git/projetos/jenkins/apache-tomcat-10.1.13/webapps/tasks-backend.war]
10-Apr-2024 19:56:08.406 INFORMAÇÕES [http-nio-8001-exec-6] org.apache.jasper.servlet.TldScanner.scanJars At least one JAR was scanned for TLDs yet contained no TLDs. Enable debug logging for this logger for a complete list of JARs that were scanned but no TLDs were found in them. Skipping unneeded JARs during scanning can improve startup time and JSP compilation time.
10-Apr-2024 19:56:13.784 INFORMAÇÕES [http-nio-8001-exec-6] org.apache.catalina.startup.HostConfig.deployWAR Deployment of web application archive [/home/evandro/workspace/projetos_pessoal/git/projetos/jenkins/apache-tomcat-10.1.13/webapps/tasks-backend.war] has finished in [7.574] ms
10-Apr-2024 19:56:25.062 INFORMAÇÕES [http-nio-8001-exec-3] org.apache.catalina.startup.HostConfig.undeploy Undeploying context [/tasks]
10-Apr-2024 19:56:25.104 INFORMAÇÕES [http-nio-8001-exec-5] org.apache.catalina.startup.HostConfig.deployWAR Deploying web application archive [/home/evandro/workspace/projetos_pessoal/git/projetos/jenkins/apache-tomcat-10.1.13/webapps/tasks.war]
10-Apr-2024 19:56:25.960 INFORMAÇÕES [http-nio-8001-exec-5] org.apache.jasper.servlet.TldScanner.scanJars At least one JAR was scanned for TLDs yet contained no TLDs. Enable debug logging for this logger for a complete list of JARs that were scanned but no TLDs were found in them. Skipping unneeded JARs during scanning can improve startup time and JSP compilation time.
10-Apr-2024 19:56:27.357 INFORMAÇÕES [http-nio-8001-exec-5] org.apache.catalina.startup.HostConfig.deployWAR Deployment of web application archive [/home/evandro/workspace/projetos_pessoal/git/projetos/jenkins/apache-tomcat-10.1.13/webapps/tasks.war] has finished in [2.253] ms
10-Apr-2024 19:58:31.973 INFORMAÇÕES [http-nio-8001-exec-16] org.apache.catalina.startup.HostConfig.undeploy Undeploying context [/tasks-backend]
10-Apr-2024 19:58:32.058 INFORMAÇÕES [http-nio-8001-exec-17] org.apache.catalina.startup.HostConfig.deployWAR Deploying web application archive [/home/evandro/workspace/projetos_pessoal/git/projetos/jenkins/apache-tomcat-10.1.13/webapps/tasks-backend.war]
10-Apr-2024 19:58:33.947 INFORMAÇÕES [http-nio-8001-exec-17] org.apache.jasper.servlet.TldScanner.scanJars At least one JAR was scanned for TLDs yet contained no TLDs. Enable debug logging for this logger for a complete list of JARs that were scanned but no TLDs were found in them. Skipping unneeded JARs during scanning can improve startup time and JSP compilation time.
10-Apr-2024 19:58:37.344 INFORMAÇÕES [http-nio-8001-exec-17] org.apache.catalina.startup.HostConfig.deployWAR Deployment of web application archive [/home/evandro/workspace/projetos_pessoal/git/projetos/jenkins/apache-tomcat-10.1.13/webapps/tasks-backend.war] has finished in [5.286] ms
10-Apr-2024 19:58:49.757 INFORMAÇÕES [http-nio-8001-exec-8] org.apache.catalina.startup.HostConfig.undeploy Undeploying context [/tasks]
10-Apr-2024 19:58:50.258 INFORMAÇÕES [Catalina-utility-1] org.apache.catalina.startup.HostConfig.undeploy Undeploying context [/tasks]
10-Apr-2024 20:01:44.899 INFORMAÇÕES [http-nio-8001-exec-1] org.apache.catalina.startup.HostConfig.undeploy Undeploying context [/tasks-backend]
10-Apr-2024 20:01:45.040 INFORMAÇÕES [http-nio-8001-exec-22] org.apache.catalina.startup.HostConfig.deployWAR Deploying web application archive [/home/evandro/workspace/projetos_pessoal/git/projetos/jenkins/apache-tomcat-10.1.13/webapps/tasks-backend.war]
10-Apr-2024 20:01:46.909 INFORMAÇÕES [http-nio-8001-exec-22] org.apache.jasper.servlet.TldScanner.scanJars At least one JAR was scanned for TLDs yet contained no TLDs. Enable debug logging for this logger for a complete list of JARs that were scanned but no TLDs were found in them. Skipping unneeded JARs during scanning can improve startup time and JSP compilation time.
10-Apr-2024 20:01:49.924 INFORMAÇÕES [http-nio-8001-exec-22] org.apache.catalina.startup.HostConfig.deployWAR Deployment of web application archive [/home/evandro/workspace/projetos_pessoal/git/projetos/jenkins/apache-tomcat-10.1.13/webapps/tasks-backend.war] has finished in [4.884] ms
10-Apr-2024 20:01:59.464 INFORMAÇÕES [http-nio-8001-exec-11] org.apache.catalina.startup.HostConfig.deployWAR Deploying web application archive [/home/evandro/workspace/projetos_pessoal/git/projetos/jenkins/apache-tomcat-10.1.13/webapps/tasks.war]
10-Apr-2024 20:02:00.184 INFORMAÇÕES [http-nio-8001-exec-11] org.apache.jasper.servlet.TldScanner.scanJars At least one JAR was scanned for TLDs yet contained no TLDs. Enable debug logging for this logger for a complete list of JARs that were scanned but no TLDs were found in them. Skipping unneeded JARs during scanning can improve startup time and JSP compilation time.
10-Apr-2024 20:02:01.657 INFORMAÇÕES [http-nio-8001-exec-11] org.apache.catalina.startup.HostConfig.deployWAR Deployment of web application archive [/home/evandro/workspace/projetos_pessoal/git/projetos/jenkins/apache-tomcat-10.1.13/webapps/tasks.war] has finished in [2.192] ms
10-Apr-2024 20:03:51.619 INFORMAÇÕES [http-nio-8001-exec-26] org.apache.catalina.startup.HostConfig.undeploy Undeploying context [/tasks-backend]
10-Apr-2024 20:03:51.717 INFORMAÇÕES [http-nio-8001-exec-2] org.apache.catalina.startup.HostConfig.deployWAR Deploying web application archive [/home/evandro/workspace/projetos_pessoal/git/projetos/jenkins/apache-tomcat-10.1.13/webapps/tasks-backend.war]
10-Apr-2024 20:03:53.359 INFORMAÇÕES [http-nio-8001-exec-2] org.apache.jasper.servlet.TldScanner.scanJars At least one JAR was scanned for TLDs yet contained no TLDs. Enable debug logging for this logger for a complete list of JARs that were scanned but no TLDs were found in them. Skipping unneeded JARs during scanning can improve startup time and JSP compilation time.
10-Apr-2024 20:03:56.366 INFORMAÇÕES [http-nio-8001-exec-2] org.apache.catalina.startup.HostConfig.deployWAR Deployment of web application archive [/home/evandro/workspace/projetos_pessoal/git/projetos/jenkins/apache-tomcat-10.1.13/webapps/tasks-backend.war] has finished in [4.650] ms
10-Apr-2024 20:04:09.721 INFORMAÇÕES [http-nio-8001-exec-23] org.apache.catalina.startup.HostConfig.undeploy Undeploying context [/tasks]
10-Apr-2024 20:04:09.757 INFORMAÇÕES [http-nio-8001-exec-25] org.apache.catalina.startup.HostConfig.deployWAR Deploying web application archive [/home/evandro/workspace/projetos_pessoal/git/projetos/jenkins/apache-tomcat-10.1.13/webapps/tasks.war]
10-Apr-2024 20:04:10.495 INFORMAÇÕES [http-nio-8001-exec-25] org.apache.jasper.servlet.TldScanner.scanJars At least one JAR was scanned for TLDs yet contained no TLDs. Enable debug logging for this logger for a complete list of JARs that were scanned but no TLDs were found in them. Skipping unneeded JARs during scanning can improve startup time and JSP compilation time.
10-Apr-2024 20:04:11.902 INFORMAÇÕES [http-nio-8001-exec-25] org.apache.catalina.startup.HostConfig.deployWAR Deployment of web application archive [/home/evandro/workspace/projetos_pessoal/git/projetos/jenkins/apache-tomcat-10.1.13/webapps/tasks.war] has finished in [2.144] ms
10-Apr-2024 20:07:27.299 INFORMAÇÕES [http-nio-8001-exec-35] org.apache.catalina.startup.HostConfig.undeploy Undeploying context [/tasks-backend]
10-Apr-2024 20:07:27.382 INFORMAÇÕES [http-nio-8001-exec-19] org.apache.catalina.startup.HostConfig.deployWAR Deploying web application archive [/home/evandro/workspace/projetos_pessoal/git/projetos/jenkins/apache-tomcat-10.1.13/webapps/tasks-backend.war]
10-Apr-2024 20:07:29.013 INFORMAÇÕES [http-nio-8001-exec-19] org.apache.jasper.servlet.TldScanner.scanJars At least one JAR was scanned for TLDs yet contained no TLDs. Enable debug logging for this logger for a complete list of JARs that were scanned but no TLDs were found in them. Skipping unneeded JARs during scanning can improve startup time and JSP compilation time.
10-Apr-2024 20:07:32.151 INFORMAÇÕES [http-nio-8001-exec-19] org.apache.catalina.startup.HostConfig.deployWAR Deployment of web application archive [/home/evandro/workspace/projetos_pessoal/git/projetos/jenkins/apache-tomcat-10.1.13/webapps/tasks-backend.war] has finished in [4.770] ms
10-Apr-2024 20:07:44.761 INFORMAÇÕES [http-nio-8001-exec-33] org.apache.catalina.startup.HostConfig.undeploy Undeploying context [/tasks]
10-Apr-2024 20:07:44.792 INFORMAÇÕES [http-nio-8001-exec-36] org.apache.catalina.startup.HostConfig.deployWAR Deploying web application archive [/home/evandro/workspace/projetos_pessoal/git/projetos/jenkins/apache-tomcat-10.1.13/webapps/tasks.war]
10-Apr-2024 20:07:45.459 INFORMAÇÕES [http-nio-8001-exec-36] org.apache.jasper.servlet.TldScanner.scanJars At least one JAR was scanned for TLDs yet contained no TLDs. Enable debug logging for this logger for a complete list of JARs that were scanned but no TLDs were found in them. Skipping unneeded JARs during scanning can improve startup time and JSP compilation time.
10-Apr-2024 20:07:46.752 INFORMAÇÕES [http-nio-8001-exec-36] org.apache.catalina.startup.HostConfig.deployWAR Deployment of web application archive [/home/evandro/workspace/projetos_pessoal/git/projetos/jenkins/apache-tomcat-10.1.13/webapps/tasks.war] has finished in [1.959] ms
10-Apr-2024 20:11:05.723 INFORMAÇÕES [http-nio-8001-exec-43] org.apache.catalina.startup.HostConfig.undeploy Undeploying context [/tasks-backend]
10-Apr-2024 20:11:05.804 INFORMAÇÕES [http-nio-8001-exec-45] org.apache.catalina.startup.HostConfig.deployWAR Deploying web application archive [/home/evandro/workspace/projetos_pessoal/git/projetos/jenkins/apache-tomcat-10.1.13/webapps/tasks-backend.war]
10-Apr-2024 20:11:07.329 INFORMAÇÕES [http-nio-8001-exec-45] org.apache.jasper.servlet.TldScanner.scanJars At least one JAR was scanned for TLDs yet contained no TLDs. Enable debug logging for this logger for a complete list of JARs that were scanned but no TLDs were found in them. Skipping unneeded JARs during scanning can improve startup time and JSP compilation time.
10-Apr-2024 20:11:10.582 INFORMAÇÕES [http-nio-8001-exec-45] org.apache.catalina.startup.HostConfig.deployWAR Deployment of web application archive [/home/evandro/workspace/projetos_pessoal/git/projetos/jenkins/apache-tomcat-10.1.13/webapps/tasks-backend.war] has finished in [4.778] ms
10-Apr-2024 20:11:19.816 INFORMAÇÕES [http-nio-8001-exec-42] org.apache.catalina.startup.HostConfig.undeploy Undeploying context [/tasks]
10-Apr-2024 20:11:19.865 INFORMAÇÕES [http-nio-8001-exec-47] org.apache.catalina.startup.HostConfig.deployWAR Deploying web application archive [/home/evandro/workspace/projetos_pessoal/git/projetos/jenkins/apache-tomcat-10.1.13/webapps/tasks.war]
10-Apr-2024 20:11:20.677 INFORMAÇÕES [http-nio-8001-exec-47] org.apache.jasper.servlet.TldScanner.scanJars At least one JAR was scanned for TLDs yet contained no TLDs. Enable debug logging for this logger for a complete list of JARs that were scanned but no TLDs were found in them. Skipping unneeded JARs during scanning can improve startup time and JSP compilation time.
10-Apr-2024 20:11:22.040 INFORMAÇÕES [http-nio-8001-exec-47] org.apache.catalina.startup.HostConfig.deployWAR Deployment of web application archive [/home/evandro/workspace/projetos_pessoal/git/projetos/jenkins/apache-tomcat-10.1.13/webapps/tasks.war] has finished in [2.174] ms
10-Apr-2024 20:23:50.967 INFORMAÇÕES [http-nio-8001-exec-51] org.apache.catalina.startup.HostConfig.undeploy Undeploying context [/tasks-backend]
10-Apr-2024 20:23:51.045 INFORMAÇÕES [http-nio-8001-exec-58] org.apache.catalina.startup.HostConfig.deployWAR Deploying web application archive [/home/evandro/workspace/projetos_pessoal/git/projetos/jenkins/apache-tomcat-10.1.13/webapps/tasks-backend.war]
10-Apr-2024 20:23:52.850 INFORMAÇÕES [http-nio-8001-exec-58] org.apache.jasper.servlet.TldScanner.scanJars At least one JAR was scanned for TLDs yet contained no TLDs. Enable debug logging for this logger for a complete list of JARs that were scanned but no TLDs were found in them. Skipping unneeded JARs during scanning can improve startup time and JSP compilation time.
10-Apr-2024 20:23:57.984 INFORMAÇÕES [http-nio-8001-exec-58] org.apache.catalina.startup.HostConfig.deployWAR Deployment of web application archive [/home/evandro/workspace/projetos_pessoal/git/projetos/jenkins/apache-tomcat-10.1.13/webapps/tasks-backend.war] has finished in [6.939] ms
10-Apr-2024 20:24:14.754 INFORMAÇÕES [http-nio-8001-exec-52] org.apache.catalina.startup.HostConfig.undeploy Undeploying context [/tasks]
10-Apr-2024 20:24:14.786 INFORMAÇÕES [http-nio-8001-exec-53] org.apache.catalina.startup.HostConfig.deployWAR Deploying web application archive [/home/evandro/workspace/projetos_pessoal/git/projetos/jenkins/apache-tomcat-10.1.13/webapps/tasks.war]
10-Apr-2024 20:24:15.589 INFORMAÇÕES [http-nio-8001-exec-53] org.apache.jasper.servlet.TldScanner.scanJars At least one JAR was scanned for TLDs yet contained no TLDs. Enable debug logging for this logger for a complete list of JARs that were scanned but no TLDs were found in them. Skipping unneeded JARs during scanning can improve startup time and JSP compilation time.
10-Apr-2024 20:24:16.671 INFORMAÇÕES [http-nio-8001-exec-53] org.apache.catalina.startup.HostConfig.deployWAR Deployment of web application archive [/home/evandro/workspace/projetos_pessoal/git/projetos/jenkins/apache-tomcat-10.1.13/webapps/tasks.war] has finished in [1.885] ms
10-Apr-2024 20:27:55.342 INFORMAÇÕES [http-nio-8001-exec-64] org.apache.catalina.startup.HostConfig.undeploy Undeploying context [/tasks-backend]
10-Apr-2024 20:27:55.421 INFORMAÇÕES [http-nio-8001-exec-63] org.apache.catalina.startup.HostConfig.deployWAR Deploying web application archive [/home/evandro/workspace/projetos_pessoal/git/projetos/jenkins/apache-tomcat-10.1.13/webapps/tasks-backend.war]
10-Apr-2024 20:27:56.999 INFORMAÇÕES [http-nio-8001-exec-63] org.apache.jasper.servlet.TldScanner.scanJars At least one JAR was scanned for TLDs yet contained no TLDs. Enable debug logging for this logger for a complete list of JARs that were scanned but no TLDs were found in them. Skipping unneeded JARs during scanning can improve startup time and JSP compilation time.
10-Apr-2024 20:27:59.934 INFORMAÇÕES [http-nio-8001-exec-63] org.apache.catalina.startup.HostConfig.deployWAR Deployment of web application archive [/home/evandro/workspace/projetos_pessoal/git/projetos/jenkins/apache-tomcat-10.1.13/webapps/tasks-backend.war] has finished in [4.513] ms
10-Apr-2024 20:28:09.781 INFORMAÇÕES [http-nio-8001-exec-59] org.apache.catalina.startup.HostConfig.undeploy Undeploying context [/tasks]
10-Apr-2024 20:28:09.814 INFORMAÇÕES [http-nio-8001-exec-62] org.apache.catalina.startup.HostConfig.deployWAR Deploying web application archive [/home/evandro/workspace/projetos_pessoal/git/projetos/jenkins/apache-tomcat-10.1.13/webapps/tasks.war]
10-Apr-2024 20:28:10.600 INFORMAÇÕES [http-nio-8001-exec-62] org.apache.jasper.servlet.TldScanner.scanJars At least one JAR was scanned for TLDs yet contained no TLDs. Enable debug logging for this logger for a complete list of JARs that were scanned but no TLDs were found in them. Skipping unneeded JARs during scanning can improve startup time and JSP compilation time.
10-Apr-2024 20:28:12.041 INFORMAÇÕES [http-nio-8001-exec-62] org.apache.catalina.startup.HostConfig.deployWAR Deployment of web application archive [/home/evandro/workspace/projetos_pessoal/git/projetos/jenkins/apache-tomcat-10.1.13/webapps/tasks.war] has finished in [2.226] ms
10-Apr-2024 20:29:53.212 INFORMAÇÕES [http-nio-8001-exec-68] org.apache.catalina.startup.HostConfig.undeploy Undeploying context [/tasks-backend]
10-Apr-2024 20:29:53.324 INFORMAÇÕES [http-nio-8001-exec-69] org.apache.catalina.startup.HostConfig.deployWAR Deploying web application archive [/home/evandro/workspace/projetos_pessoal/git/projetos/jenkins/apache-tomcat-10.1.13/webapps/tasks-backend.war]
10-Apr-2024 20:29:55.438 INFORMAÇÕES [http-nio-8001-exec-69] org.apache.jasper.servlet.TldScanner.scanJars At least one JAR was scanned for TLDs yet contained no TLDs. Enable debug logging for this logger for a complete list of JARs that were scanned but no TLDs were found in them. Skipping unneeded JARs during scanning can improve startup time and JSP compilation time.
10-Apr-2024 20:29:59.379 INFORMAÇÕES [http-nio-8001-exec-69] org.apache.catalina.startup.HostConfig.deployWAR Deployment of web application archive [/home/evandro/workspace/projetos_pessoal/git/projetos/jenkins/apache-tomcat-10.1.13/webapps/tasks-backend.war] has finished in [6.055] ms
10-Apr-2024 20:30:10.692 INFORMAÇÕES [http-nio-8001-exec-60] org.apache.catalina.startup.HostConfig.undeploy Undeploying context [/tasks]
10-Apr-2024 20:30:10.732 INFORMAÇÕES [http-nio-8001-exec-74] org.apache.catalina.startup.HostConfig.deployWAR Deploying web application archive [/home/evandro/workspace/projetos_pessoal/git/projetos/jenkins/apache-tomcat-10.1.13/webapps/tasks.war]
10-Apr-2024 20:30:11.627 INFORMAÇÕES [http-nio-8001-exec-74] org.apache.jasper.servlet.TldScanner.scanJars At least one JAR was scanned for TLDs yet contained no TLDs. Enable debug logging for this logger for a complete list of JARs that were scanned but no TLDs were found in them. Skipping unneeded JARs during scanning can improve startup time and JSP compilation time.
10-Apr-2024 20:30:13.338 INFORMAÇÕES [http-nio-8001-exec-74] org.apache.catalina.startup.HostConfig.deployWAR Deployment of web application archive [/home/evandro/workspace/projetos_pessoal/git/projetos/jenkins/apache-tomcat-10.1.13/webapps/tasks.war] has finished in [2.605] ms
10-Apr-2024 20:36:54.835 INFORMAÇÕES [http-nio-8001-exec-78] org.apache.catalina.startup.HostConfig.undeploy Undeploying context [/tasks-backend]
10-Apr-2024 20:36:54.907 INFORMAÇÕES [http-nio-8001-exec-60] org.apache.catalina.startup.HostConfig.deployWAR Deploying web application archive [/home/evandro/workspace/projetos_pessoal/git/projetos/jenkins/apache-tomcat-10.1.13/webapps/tasks-backend.war]
10-Apr-2024 20:36:56.425 INFORMAÇÕES [http-nio-8001-exec-60] org.apache.jasper.servlet.TldScanner.scanJars At least one JAR was scanned for TLDs yet contained no TLDs. Enable debug logging for this logger for a complete list of JARs that were scanned but no TLDs were found in them. Skipping unneeded JARs during scanning can improve startup time and JSP compilation time.
10-Apr-2024 20:36:59.763 INFORMAÇÕES [http-nio-8001-exec-60] org.apache.catalina.startup.HostConfig.deployWAR Deployment of web application archive [/home/evandro/workspace/projetos_pessoal/git/projetos/jenkins/apache-tomcat-10.1.13/webapps/tasks-backend.war] has finished in [4.857] ms
10-Apr-2024 20:37:10.130 INFORMAÇÕES [http-nio-8001-exec-82] org.apache.catalina.startup.HostConfig.undeploy Undeploying context [/tasks]
10-Apr-2024 20:37:10.162 INFORMAÇÕES [http-nio-8001-exec-76] org.apache.catalina.startup.HostConfig.deployWAR Deploying web application archive [/home/evandro/workspace/projetos_pessoal/git/projetos/jenkins/apache-tomcat-10.1.13/webapps/tasks.war]
10-Apr-2024 20:37:10.905 INFORMAÇÕES [http-nio-8001-exec-76] org.apache.jasper.servlet.TldScanner.scanJars At least one JAR was scanned for TLDs yet contained no TLDs. Enable debug logging for this logger for a complete list of JARs that were scanned but no TLDs were found in them. Skipping unneeded JARs during scanning can improve startup time and JSP compilation time.
10-Apr-2024 20:37:12.289 INFORMAÇÕES [http-nio-8001-exec-76] org.apache.catalina.startup.HostConfig.deployWAR Deployment of web application archive [/home/evandro/workspace/projetos_pessoal/git/projetos/jenkins/apache-tomcat-10.1.13/webapps/tasks.war] has finished in [2.127] ms
10-Apr-2024 20:37:30.606 INFORMAÇÕES [http-nio-8001-exec-86] org.apache.catalina.startup.HostConfig.undeploy Undeploying context [/tasks-backend]
10-Apr-2024 20:37:30.738 INFORMAÇÕES [http-nio-8001-exec-88] org.apache.catalina.startup.HostConfig.deployWAR Deploying web application archive [/home/evandro/workspace/projetos_pessoal/git/projetos/jenkins/apache-tomcat-10.1.13/webapps/tasks-backend.war]
10-Apr-2024 20:37:32.665 INFORMAÇÕES [http-nio-8001-exec-88] org.apache.jasper.servlet.TldScanner.scanJars At least one JAR was scanned for TLDs yet contained no TLDs. Enable debug logging for this logger for a complete list of JARs that were scanned but no TLDs were found in them. Skipping unneeded JARs during scanning can improve startup time and JSP compilation time.
10-Apr-2024 20:37:36.997 INFORMAÇÕES [http-nio-8001-exec-88] org.apache.catalina.startup.HostConfig.deployWAR Deployment of web application archive [/home/evandro/workspace/projetos_pessoal/git/projetos/jenkins/apache-tomcat-10.1.13/webapps/tasks-backend.war] has finished in [6.259] ms
10-Apr-2024 20:37:51.054 INFORMAÇÕES [http-nio-8001-exec-87] org.apache.catalina.startup.HostConfig.undeploy Undeploying context [/tasks]
10-Apr-2024 20:37:51.106 INFORMAÇÕES [http-nio-8001-exec-86] org.apache.catalina.startup.HostConfig.deployWAR Deploying web application archive [/home/evandro/workspace/projetos_pessoal/git/projetos/jenkins/apache-tomcat-10.1.13/webapps/tasks.war]
10-Apr-2024 20:37:51.983 INFORMAÇÕES [http-nio-8001-exec-86] org.apache.jasper.servlet.TldScanner.scanJars At least one JAR was scanned for TLDs yet contained no TLDs. Enable debug logging for this logger for a complete list of JARs that were scanned but no TLDs were found in them. Skipping unneeded JARs during scanning can improve startup time and JSP compilation time.
10-Apr-2024 20:37:53.570 INFORMAÇÕES [http-nio-8001-exec-86] org.apache.catalina.startup.HostConfig.deployWAR Deployment of web application archive [/home/evandro/workspace/projetos_pessoal/git/projetos/jenkins/apache-tomcat-10.1.13/webapps/tasks.war] has finished in [2.464] ms
10-Apr-2024 20:42:25.641 INFORMAÇÕES [http-nio-8001-exec-93] org.apache.catalina.startup.HostConfig.undeploy Undeploying context [/tasks-backend]
10-Apr-2024 20:42:25.728 INFORMAÇÕES [http-nio-8001-exec-67] org.apache.catalina.startup.HostConfig.deployWAR Deploying web application archive [/home/evandro/workspace/projetos_pessoal/git/projetos/jenkins/apache-tomcat-10.1.13/webapps/tasks-backend.war]
10-Apr-2024 20:42:27.359 INFORMAÇÕES [http-nio-8001-exec-67] org.apache.jasper.servlet.TldScanner.scanJars At least one JAR was scanned for TLDs yet contained no TLDs. Enable debug logging for this logger for a complete list of JARs that were scanned but no TLDs were found in them. Skipping unneeded JARs during scanning can improve startup time and JSP compilation time.
10-Apr-2024 20:42:30.458 INFORMAÇÕES [http-nio-8001-exec-67] org.apache.catalina.startup.HostConfig.deployWAR Deployment of web application archive [/home/evandro/workspace/projetos_pessoal/git/projetos/jenkins/apache-tomcat-10.1.13/webapps/tasks-backend.war] has finished in [4.730] ms
10-Apr-2024 20:42:45.027 INFORMAÇÕES [http-nio-8001-exec-96] org.apache.catalina.startup.HostConfig.undeploy Undeploying context [/tasks]
10-Apr-2024 20:42:45.073 INFORMAÇÕES [http-nio-8001-exec-94] org.apache.catalina.startup.HostConfig.deployWAR Deploying web application archive [/home/evandro/workspace/projetos_pessoal/git/projetos/jenkins/apache-tomcat-10.1.13/webapps/tasks.war]
10-Apr-2024 20:42:45.893 INFORMAÇÕES [http-nio-8001-exec-94] org.apache.jasper.servlet.TldScanner.scanJars At least one JAR was scanned for TLDs yet contained no TLDs. Enable debug logging for this logger for a complete list of JARs that were scanned but no TLDs were found in them. Skipping unneeded JARs during scanning can improve startup time and JSP compilation time.
10-Apr-2024 20:42:47.154 INFORMAÇÕES [http-nio-8001-exec-94] org.apache.catalina.startup.HostConfig.deployWAR Deployment of web application archive [/home/evandro/workspace/projetos_pessoal/git/projetos/jenkins/apache-tomcat-10.1.13/webapps/tasks.war] has finished in [2.081] ms
10-Apr-2024 21:46:59.341 INFORMAÇÕES [http-nio-8001-exec-109] org.apache.catalina.startup.HostConfig.undeploy Undeploying context [/tasks-backend]
10-Apr-2024 21:46:59.430 INFORMAÇÕES [http-nio-8001-exec-103] org.apache.catalina.startup.HostConfig.deployWAR Deploying web application archive [/home/evandro/workspace/projetos_pessoal/git/projetos/jenkins/apache-tomcat-10.1.13/webapps/tasks-backend.war]
10-Apr-2024 21:47:01.015 INFORMAÇÕES [http-nio-8001-exec-103] org.apache.jasper.servlet.TldScanner.scanJars At least one JAR was scanned for TLDs yet contained no TLDs. Enable debug logging for this logger for a complete list of JARs that were scanned but no TLDs were found in them. Skipping unneeded JARs during scanning can improve startup time and JSP compilation time.
10-Apr-2024 21:47:04.246 INFORMAÇÕES [http-nio-8001-exec-103] org.apache.catalina.startup.HostConfig.deployWAR Deployment of web application archive [/home/evandro/workspace/projetos_pessoal/git/projetos/jenkins/apache-tomcat-10.1.13/webapps/tasks-backend.war] has finished in [4.816] ms
10-Apr-2024 21:48:15.457 INFORMAÇÕES [http-nio-8001-exec-112] org.apache.catalina.startup.HostConfig.undeploy Undeploying context [/tasks-backend]
10-Apr-2024 21:48:15.553 INFORMAÇÕES [http-nio-8001-exec-113] org.apache.catalina.startup.HostConfig.deployWAR Deploying web application archive [/home/evandro/workspace/projetos_pessoal/git/projetos/jenkins/apache-tomcat-10.1.13/webapps/tasks-backend.war]
10-Apr-2024 21:48:17.217 INFORMAÇÕES [http-nio-8001-exec-113] org.apache.jasper.servlet.TldScanner.scanJars At least one JAR was scanned for TLDs yet contained no TLDs. Enable debug logging for this logger for a complete list of JARs that were scanned but no TLDs were found in them. Skipping unneeded JARs during scanning can improve startup time and JSP compilation time.
10-Apr-2024 21:48:20.895 INFORMAÇÕES [http-nio-8001-exec-113] org.apache.catalina.startup.HostConfig.deployWAR Deployment of web application archive [/home/evandro/workspace/projetos_pessoal/git/projetos/jenkins/apache-tomcat-10.1.13/webapps/tasks-backend.war] has finished in [5.342] ms
10-Apr-2024 21:48:45.165 INFORMAÇÕES [http-nio-8001-exec-116] org.apache.catalina.startup.HostConfig.undeploy Undeploying context [/tasks]
10-Apr-2024 21:48:45.197 INFORMAÇÕES [http-nio-8001-exec-100] org.apache.catalina.startup.HostConfig.deployWAR Deploying web application archive [/home/evandro/workspace/projetos_pessoal/git/projetos/jenkins/apache-tomcat-10.1.13/webapps/tasks.war]
10-Apr-2024 21:48:45.944 INFORMAÇÕES [http-nio-8001-exec-100] org.apache.jasper.servlet.TldScanner.scanJars At least one JAR was scanned for TLDs yet contained no TLDs. Enable debug logging for this logger for a complete list of JARs that were scanned but no TLDs were found in them. Skipping unneeded JARs during scanning can improve startup time and JSP compilation time.
10-Apr-2024 21:48:47.099 INFORMAÇÕES [http-nio-8001-exec-100] org.apache.catalina.startup.HostConfig.deployWAR Deployment of web application archive [/home/evandro/workspace/projetos_pessoal/git/projetos/jenkins/apache-tomcat-10.1.13/webapps/tasks.war] has finished in [1.902] ms
