09-Apr-2024 23:23:24.070 INFORMAÇÕES [main] org.apache.catalina.core.ApplicationContext.log 2 Spring WebApplicationInitializers detected on classpath
09-Apr-2024 23:23:26.520 INFORMAÇÕES [main] org.apache.catalina.core.ApplicationContext.log Initializing Spring embedded WebApplicationContext
09-Apr-2024 23:23:29.995 INFORMAÇÕES [main] org.apache.catalina.core.ApplicationContext.log 2 Spring WebApplicationInitializers detected on classpath
09-Apr-2024 23:23:31.671 INFORMAÇÕES [main] org.apache.catalina.core.ApplicationContext.log Initializing Spring embedded WebApplicationContext
09-Apr-2024 23:23:34.462 INFORMAÇÕES [main] org.apache.catalina.core.ApplicationContext.log ContextListener: contextInitialized()
09-Apr-2024 23:23:34.462 INFORMAÇÕES [main] org.apache.catalina.core.ApplicationContext.log SessionListener: contextInitialized()
09-Apr-2024 23:23:34.464 INFORMAÇÕES [main] org.apache.catalina.core.ApplicationContext.log ContextListener: attributeAdded('StockTicker', 'async.Stockticker@3e7e40ca')
09-Apr-2024 23:24:43.447 INFORMAÇÕES [http-nio-8001-exec-4] org.apache.catalina.core.ApplicationContext.log Closing Spring root WebApplicationContext
09-Apr-2024 23:24:46.463 INFORMAÇÕES [http-nio-8001-exec-7] org.apache.catalina.core.ApplicationContext.log 2 Spring WebApplicationInitializers detected on classpath
09-Apr-2024 23:24:48.611 INFORMAÇÕES [http-nio-8001-exec-7] org.apache.catalina.core.ApplicationContext.log Initializing Spring embedded WebApplicationContext
09-Apr-2024 23:25:02.310 INFORMAÇÕES [http-nio-8001-exec-9] org.apache.catalina.core.ApplicationContext.log Closing Spring root WebApplicationContext
09-Apr-2024 23:25:03.846 INFORMAÇÕES [http-nio-8001-exec-2] org.apache.catalina.core.ApplicationContext.log 2 Spring WebApplicationInitializers detected on classpath
09-Apr-2024 23:25:05.003 INFORMAÇÕES [http-nio-8001-exec-2] org.apache.catalina.core.ApplicationContext.log Initializing Spring embedded WebApplicationContext
09-Apr-2024 23:45:13.919 INFORMAÇÕES [http-nio-8001-exec-16] org.apache.catalina.core.ApplicationContext.log Closing Spring root WebApplicationContext
09-Apr-2024 23:45:17.282 INFORMAÇÕES [http-nio-8001-exec-18] org.apache.catalina.core.ApplicationContext.log 2 Spring WebApplicationInitializers detected on classpath
09-Apr-2024 23:45:19.520 INFORMAÇÕES [http-nio-8001-exec-18] org.apache.catalina.core.ApplicationContext.log Initializing Spring embedded WebApplicationContext
09-Apr-2024 23:45:31.643 INFORMAÇÕES [http-nio-8001-exec-20] org.apache.catalina.core.ApplicationContext.log Closing Spring root WebApplicationContext
09-Apr-2024 23:45:32.863 INFORMAÇÕES [http-nio-8001-exec-26] org.apache.catalina.core.ApplicationContext.log 2 Spring WebApplicationInitializers detected on classpath
09-Apr-2024 23:45:33.615 INFORMAÇÕES [http-nio-8001-exec-26] org.apache.catalina.core.ApplicationContext.log Initializing Spring embedded WebApplicationContext
09-Apr-2024 23:49:47.723 INFORMAÇÕES [http-nio-8001-exec-29] org.apache.catalina.core.ApplicationContext.log Closing Spring root WebApplicationContext
09-Apr-2024 23:49:50.166 INFORMAÇÕES [http-nio-8001-exec-14] org.apache.catalina.core.ApplicationContext.log 2 Spring WebApplicationInitializers detected on classpath
09-Apr-2024 23:49:51.244 INFORMAÇÕES [http-nio-8001-exec-14] org.apache.catalina.core.ApplicationContext.log Initializing Spring embedded WebApplicationContext
09-Apr-2024 23:50:02.481 INFORMAÇÕES [http-nio-8001-exec-28] org.apache.catalina.core.ApplicationContext.log Closing Spring root WebApplicationContext
09-Apr-2024 23:50:03.873 INFORMAÇÕES [http-nio-8001-exec-32] org.apache.catalina.core.ApplicationContext.log 2 Spring WebApplicationInitializers detected on classpath
09-Apr-2024 23:50:04.806 INFORMAÇÕES [http-nio-8001-exec-32] org.apache.catalina.core.ApplicationContext.log Initializing Spring embedded WebApplicationContext
09-Apr-2024 23:52:08.964 INFORMAÇÕES [http-nio-8001-exec-38] org.apache.catalina.core.ApplicationContext.log Closing Spring root WebApplicationContext
09-Apr-2024 23:52:11.453 INFORMAÇÕES [http-nio-8001-exec-36] org.apache.catalina.core.ApplicationContext.log 2 Spring WebApplicationInitializers detected on classpath
09-Apr-2024 23:52:13.058 INFORMAÇÕES [http-nio-8001-exec-36] org.apache.catalina.core.ApplicationContext.log Initializing Spring embedded WebApplicationContext
09-Apr-2024 23:52:27.762 INFORMAÇÕES [http-nio-8001-exec-20] org.apache.catalina.core.ApplicationContext.log Closing Spring root WebApplicationContext
09-Apr-2024 23:52:29.168 INFORMAÇÕES [http-nio-8001-exec-34] org.apache.catalina.core.ApplicationContext.log 2 Spring WebApplicationInitializers detected on classpath
09-Apr-2024 23:52:30.082 INFORMAÇÕES [http-nio-8001-exec-34] org.apache.catalina.core.ApplicationContext.log Initializing Spring embedded WebApplicationContext
09-Apr-2024 23:52:53.014 INFORMAÇÕES [http-nio-8001-exec-37] org.apache.catalina.core.ApplicationContext.log Closing Spring root WebApplicationContext
09-Apr-2024 23:52:55.137 INFORMAÇÕES [http-nio-8001-exec-31] org.apache.catalina.core.ApplicationContext.log 2 Spring WebApplicationInitializers detected on classpath
09-Apr-2024 23:52:56.920 INFORMAÇÕES [http-nio-8001-exec-31] org.apache.catalina.core.ApplicationContext.log Initializing Spring embedded WebApplicationContext
09-Apr-2024 23:53:12.420 INFORMAÇÕES [http-nio-8001-exec-27] org.apache.catalina.core.ApplicationContext.log Closing Spring root WebApplicationContext
09-Apr-2024 23:53:13.923 INFORMAÇÕES [http-nio-8001-exec-46] org.apache.catalina.core.ApplicationContext.log 2 Spring WebApplicationInitializers detected on classpath
09-Apr-2024 23:53:15.142 INFORMAÇÕES [http-nio-8001-exec-46] org.apache.catalina.core.ApplicationContext.log Initializing Spring embedded WebApplicationContext
