13-Apr-2024 17:40:35.488 INFORMAÇÕES [main] org.apache.catalina.core.ApplicationContext.log 2 Spring WebApplicationInitializers detected on classpath
13-Apr-2024 17:40:36.570 INFORMAÇÕES [main] org.apache.catalina.core.ApplicationContext.log Initializing Spring embedded WebApplicationContext
13-Apr-2024 17:40:38.656 INFORMAÇÕES [main] org.apache.catalina.core.ApplicationContext.log 2 Spring WebApplicationInitializers detected on classpath
13-Apr-2024 17:40:39.873 INFORMAÇÕES [main] org.apache.catalina.core.ApplicationContext.log Initializing Spring embedded WebApplicationContext
13-Apr-2024 17:40:42.463 INFORMAÇÕES [main] org.apache.catalina.core.ApplicationContext.log ContextListener: contextInitialized()
13-Apr-2024 17:40:42.463 INFORMAÇÕES [main] org.apache.catalina.core.ApplicationContext.log SessionListener: contextInitialized()
13-Apr-2024 17:40:42.464 INFORMAÇÕES [main] org.apache.catalina.core.ApplicationContext.log ContextListener: attributeAdded('StockTicker', 'async.Stockticker@4d4e1369')
13-Apr-2024 17:48:42.634 INFORMAÇÕES [http-nio-8001-exec-4] org.apache.catalina.core.ApplicationContext.log Closing Spring root WebApplicationContext
13-Apr-2024 17:48:45.004 INFORMAÇÕES [http-nio-8001-exec-7] org.apache.catalina.core.ApplicationContext.log 2 Spring WebApplicationInitializers detected on classpath
13-Apr-2024 17:48:46.401 INFORMAÇÕES [http-nio-8001-exec-7] org.apache.catalina.core.ApplicationContext.log Initializing Spring embedded WebApplicationContext
13-Apr-2024 17:49:31.287 INFORMAÇÕES [http-nio-8001-exec-3] org.apache.catalina.core.ApplicationContext.log Closing Spring root WebApplicationContext
13-Apr-2024 17:49:33.504 INFORMAÇÕES [http-nio-8001-exec-2] org.apache.catalina.core.ApplicationContext.log 2 Spring WebApplicationInitializers detected on classpath
13-Apr-2024 17:49:34.847 INFORMAÇÕES [http-nio-8001-exec-2] org.apache.catalina.core.ApplicationContext.log Initializing Spring embedded WebApplicationContext
13-Apr-2024 17:54:40.908 INFORMAÇÕES [http-nio-8001-exec-17] org.apache.catalina.core.ApplicationContext.log Closing Spring root WebApplicationContext
13-Apr-2024 17:54:43.185 INFORMAÇÕES [http-nio-8001-exec-3] org.apache.catalina.core.ApplicationContext.log 2 Spring WebApplicationInitializers detected on classpath
13-Apr-2024 17:54:44.492 INFORMAÇÕES [http-nio-8001-exec-3] org.apache.catalina.core.ApplicationContext.log Initializing Spring embedded WebApplicationContext
13-Apr-2024 17:56:22.519 INFORMAÇÕES [http-nio-8001-exec-22] org.apache.catalina.core.ApplicationContext.log Initializing Spring DispatcherServlet 'dispatcherServlet'
13-Apr-2024 17:57:16.882 INFORMAÇÕES [http-nio-8001-exec-23] org.apache.catalina.core.ApplicationContext.log Destroying Spring FrameworkServlet 'dispatcherServlet'
13-Apr-2024 17:57:16.883 INFORMAÇÕES [http-nio-8001-exec-23] org.apache.catalina.core.ApplicationContext.log Closing Spring root WebApplicationContext
13-Apr-2024 17:57:19.224 INFORMAÇÕES [http-nio-8001-exec-25] org.apache.catalina.core.ApplicationContext.log 2 Spring WebApplicationInitializers detected on classpath
13-Apr-2024 17:57:20.670 INFORMAÇÕES [http-nio-8001-exec-25] org.apache.catalina.core.ApplicationContext.log Initializing Spring embedded WebApplicationContext
13-Apr-2024 17:57:27.967 INFORMAÇÕES [http-nio-8001-exec-27] org.apache.catalina.core.ApplicationContext.log Initializing Spring DispatcherServlet 'dispatcherServlet'
13-Apr-2024 18:00:09.866 INFORMAÇÕES [http-nio-8001-exec-30] org.apache.catalina.core.ApplicationContext.log Destroying Spring FrameworkServlet 'dispatcherServlet'
13-Apr-2024 18:00:09.867 INFORMAÇÕES [http-nio-8001-exec-30] org.apache.catalina.core.ApplicationContext.log Closing Spring root WebApplicationContext
13-Apr-2024 18:00:12.010 INFORMAÇÕES [http-nio-8001-exec-18] org.apache.catalina.core.ApplicationContext.log 2 Spring WebApplicationInitializers detected on classpath
13-Apr-2024 18:00:13.269 INFORMAÇÕES [http-nio-8001-exec-18] org.apache.catalina.core.ApplicationContext.log Initializing Spring embedded WebApplicationContext
13-Apr-2024 18:00:20.038 INFORMAÇÕES [http-nio-8001-exec-24] org.apache.catalina.core.ApplicationContext.log Initializing Spring DispatcherServlet 'dispatcherServlet'
13-Apr-2024 18:05:44.588 INFORMAÇÕES [http-nio-8001-exec-36] org.apache.catalina.core.ApplicationContext.log Destroying Spring FrameworkServlet 'dispatcherServlet'
13-Apr-2024 18:05:44.589 INFORMAÇÕES [http-nio-8001-exec-36] org.apache.catalina.core.ApplicationContext.log Closing Spring root WebApplicationContext
13-Apr-2024 18:05:47.230 INFORMAÇÕES [http-nio-8001-exec-43] org.apache.catalina.core.ApplicationContext.log 2 Spring WebApplicationInitializers detected on classpath
13-Apr-2024 18:05:49.167 INFORMAÇÕES [http-nio-8001-exec-43] org.apache.catalina.core.ApplicationContext.log Initializing Spring embedded WebApplicationContext
13-Apr-2024 18:05:56.722 INFORMAÇÕES [http-nio-8001-exec-37] org.apache.catalina.core.ApplicationContext.log Initializing Spring DispatcherServlet 'dispatcherServlet'
13-Apr-2024 18:06:03.556 INFORMAÇÕES [http-nio-8001-exec-43] org.apache.catalina.core.ApplicationContext.log Closing Spring root WebApplicationContext
13-Apr-2024 18:06:04.978 INFORMAÇÕES [http-nio-8001-exec-40] org.apache.catalina.core.ApplicationContext.log 2 Spring WebApplicationInitializers detected on classpath
13-Apr-2024 18:06:05.938 INFORMAÇÕES [http-nio-8001-exec-40] org.apache.catalina.core.ApplicationContext.log Initializing Spring embedded WebApplicationContext
13-Apr-2024 18:10:07.588 INFORMAÇÕES [http-nio-8001-exec-49] org.apache.catalina.core.ApplicationContext.log Initializing Spring DispatcherServlet 'dispatcherServlet'
13-Apr-2024 18:22:31.257 INFORMAÇÕES [http-nio-8001-exec-55] org.apache.catalina.core.ApplicationContext.log Destroying Spring FrameworkServlet 'dispatcherServlet'
13-Apr-2024 18:22:31.258 INFORMAÇÕES [http-nio-8001-exec-55] org.apache.catalina.core.ApplicationContext.log Closing Spring root WebApplicationContext
13-Apr-2024 18:22:33.448 INFORMAÇÕES [http-nio-8001-exec-51] org.apache.catalina.core.ApplicationContext.log 2 Spring WebApplicationInitializers detected on classpath
13-Apr-2024 18:22:34.846 INFORMAÇÕES [http-nio-8001-exec-51] org.apache.catalina.core.ApplicationContext.log Initializing Spring embedded WebApplicationContext
13-Apr-2024 18:22:41.002 INFORMAÇÕES [http-nio-8001-exec-53] org.apache.catalina.core.ApplicationContext.log Initializing Spring DispatcherServlet 'dispatcherServlet'
13-Apr-2024 18:22:47.109 INFORMAÇÕES [http-nio-8001-exec-57] org.apache.catalina.core.ApplicationContext.log Destroying Spring FrameworkServlet 'dispatcherServlet'
13-Apr-2024 18:22:47.109 INFORMAÇÕES [http-nio-8001-exec-57] org.apache.catalina.core.ApplicationContext.log Closing Spring root WebApplicationContext
13-Apr-2024 18:22:48.524 INFORMAÇÕES [http-nio-8001-exec-54] org.apache.catalina.core.ApplicationContext.log 2 Spring WebApplicationInitializers detected on classpath
13-Apr-2024 18:22:49.518 INFORMAÇÕES [http-nio-8001-exec-54] org.apache.catalina.core.ApplicationContext.log Initializing Spring embedded WebApplicationContext
13-Apr-2024 18:23:09.693 INFORMAÇÕES [http-nio-8001-exec-46] org.apache.catalina.core.ApplicationContext.log Initializing Spring DispatcherServlet 'dispatcherServlet'
13-Apr-2024 18:33:47.517 INFORMAÇÕES [http-nio-8001-exec-63] org.apache.catalina.core.ApplicationContext.log Destroying Spring FrameworkServlet 'dispatcherServlet'
13-Apr-2024 18:33:47.517 INFORMAÇÕES [http-nio-8001-exec-63] org.apache.catalina.core.ApplicationContext.log Closing Spring root WebApplicationContext
13-Apr-2024 18:33:49.884 INFORMAÇÕES [http-nio-8001-exec-62] org.apache.catalina.core.ApplicationContext.log 2 Spring WebApplicationInitializers detected on classpath
13-Apr-2024 18:33:51.151 INFORMAÇÕES [http-nio-8001-exec-62] org.apache.catalina.core.ApplicationContext.log Initializing Spring embedded WebApplicationContext
13-Apr-2024 18:33:56.969 INFORMAÇÕES [http-nio-8001-exec-67] org.apache.catalina.core.ApplicationContext.log Initializing Spring DispatcherServlet 'dispatcherServlet'
13-Apr-2024 18:34:01.773 INFORMAÇÕES [http-nio-8001-exec-71] org.apache.catalina.core.ApplicationContext.log Destroying Spring FrameworkServlet 'dispatcherServlet'
13-Apr-2024 18:34:01.773 INFORMAÇÕES [http-nio-8001-exec-71] org.apache.catalina.core.ApplicationContext.log Closing Spring root WebApplicationContext
13-Apr-2024 18:34:03.152 INFORMAÇÕES [http-nio-8001-exec-66] org.apache.catalina.core.ApplicationContext.log 2 Spring WebApplicationInitializers detected on classpath
13-Apr-2024 18:34:04.021 INFORMAÇÕES [http-nio-8001-exec-66] org.apache.catalina.core.ApplicationContext.log Initializing Spring embedded WebApplicationContext
13-Apr-2024 18:34:14.257 INFORMAÇÕES [http-nio-8001-exec-70] org.apache.catalina.core.ApplicationContext.log Initializing Spring DispatcherServlet 'dispatcherServlet'
13-Apr-2024 18:43:03.854 INFORMAÇÕES [http-nio-8001-exec-74] org.apache.catalina.core.ApplicationContext.log Destroying Spring FrameworkServlet 'dispatcherServlet'
13-Apr-2024 18:43:03.855 INFORMAÇÕES [http-nio-8001-exec-74] org.apache.catalina.core.ApplicationContext.log Closing Spring root WebApplicationContext
13-Apr-2024 18:43:06.095 INFORMAÇÕES [http-nio-8001-exec-79] org.apache.catalina.core.ApplicationContext.log 2 Spring WebApplicationInitializers detected on classpath
13-Apr-2024 18:43:07.656 INFORMAÇÕES [http-nio-8001-exec-79] org.apache.catalina.core.ApplicationContext.log Initializing Spring embedded WebApplicationContext
13-Apr-2024 18:43:13.953 INFORMAÇÕES [http-nio-8001-exec-83] org.apache.catalina.core.ApplicationContext.log Initializing Spring DispatcherServlet 'dispatcherServlet'
13-Apr-2024 18:43:19.891 INFORMAÇÕES [http-nio-8001-exec-85] org.apache.catalina.core.ApplicationContext.log Destroying Spring FrameworkServlet 'dispatcherServlet'
13-Apr-2024 18:43:19.892 INFORMAÇÕES [http-nio-8001-exec-85] org.apache.catalina.core.ApplicationContext.log Closing Spring root WebApplicationContext
13-Apr-2024 18:43:21.247 INFORMAÇÕES [http-nio-8001-exec-76] org.apache.catalina.core.ApplicationContext.log 2 Spring WebApplicationInitializers detected on classpath
13-Apr-2024 18:43:22.180 INFORMAÇÕES [http-nio-8001-exec-76] org.apache.catalina.core.ApplicationContext.log Initializing Spring embedded WebApplicationContext
13-Apr-2024 18:43:26.958 INFORMAÇÕES [http-nio-8001-exec-84] org.apache.catalina.core.ApplicationContext.log Initializing Spring DispatcherServlet 'dispatcherServlet'
13-Apr-2024 18:52:02.174 INFORMAÇÕES [http-nio-8001-exec-93] org.apache.catalina.core.ApplicationContext.log Destroying Spring FrameworkServlet 'dispatcherServlet'
13-Apr-2024 18:52:02.175 INFORMAÇÕES [http-nio-8001-exec-93] org.apache.catalina.core.ApplicationContext.log Closing Spring root WebApplicationContext
13-Apr-2024 18:52:04.373 INFORMAÇÕES [http-nio-8001-exec-89] org.apache.catalina.core.ApplicationContext.log 2 Spring WebApplicationInitializers detected on classpath
13-Apr-2024 18:52:05.600 INFORMAÇÕES [http-nio-8001-exec-89] org.apache.catalina.core.ApplicationContext.log Initializing Spring embedded WebApplicationContext
13-Apr-2024 18:52:12.255 INFORMAÇÕES [http-nio-8001-exec-91] org.apache.catalina.core.ApplicationContext.log Initializing Spring DispatcherServlet 'dispatcherServlet'
13-Apr-2024 18:52:18.582 INFORMAÇÕES [http-nio-8001-exec-99] org.apache.catalina.core.ApplicationContext.log Destroying Spring FrameworkServlet 'dispatcherServlet'
13-Apr-2024 18:52:18.583 INFORMAÇÕES [http-nio-8001-exec-99] org.apache.catalina.core.ApplicationContext.log Closing Spring root WebApplicationContext
13-Apr-2024 18:52:20.007 INFORMAÇÕES [http-nio-8001-exec-90] org.apache.catalina.core.ApplicationContext.log 2 Spring WebApplicationInitializers detected on classpath
13-Apr-2024 18:52:20.957 INFORMAÇÕES [http-nio-8001-exec-90] org.apache.catalina.core.ApplicationContext.log Initializing Spring embedded WebApplicationContext
13-Apr-2024 18:54:19.679 INFORMAÇÕES [http-nio-8001-exec-104] org.apache.catalina.core.ApplicationContext.log Destroying Spring FrameworkServlet 'dispatcherServlet'
13-Apr-2024 18:54:19.680 INFORMAÇÕES [http-nio-8001-exec-104] org.apache.catalina.core.ApplicationContext.log Closing Spring root WebApplicationContext
13-Apr-2024 18:54:23.064 INFORMAÇÕES [http-nio-8001-exec-102] org.apache.catalina.core.ApplicationContext.log 2 Spring WebApplicationInitializers detected on classpath
13-Apr-2024 18:54:25.730 INFORMAÇÕES [http-nio-8001-exec-102] org.apache.catalina.core.ApplicationContext.log Initializing Spring embedded WebApplicationContext
13-Apr-2024 18:54:36.449 INFORMAÇÕES [http-nio-8001-exec-95] org.apache.catalina.core.ApplicationContext.log Initializing Spring DispatcherServlet 'dispatcherServlet'
13-Apr-2024 18:54:42.392 INFORMAÇÕES [http-nio-8001-exec-107] org.apache.catalina.core.ApplicationContext.log Closing Spring root WebApplicationContext
13-Apr-2024 18:55:40.428 INFORMAÇÕES [http-nio-8001-exec-100] org.apache.catalina.core.ApplicationContext.log Destroying Spring FrameworkServlet 'dispatcherServlet'
13-Apr-2024 18:55:40.428 INFORMAÇÕES [http-nio-8001-exec-100] org.apache.catalina.core.ApplicationContext.log Closing Spring root WebApplicationContext
13-Apr-2024 18:55:42.921 INFORMAÇÕES [http-nio-8001-exec-109] org.apache.catalina.core.ApplicationContext.log 2 Spring WebApplicationInitializers detected on classpath
13-Apr-2024 18:55:44.534 INFORMAÇÕES [http-nio-8001-exec-109] org.apache.catalina.core.ApplicationContext.log Initializing Spring embedded WebApplicationContext
13-Apr-2024 18:55:51.164 INFORMAÇÕES [http-nio-8001-exec-98] org.apache.catalina.core.ApplicationContext.log Initializing Spring DispatcherServlet 'dispatcherServlet'
13-Apr-2024 18:55:59.214 INFORMAÇÕES [http-nio-8001-exec-100] org.apache.catalina.core.ApplicationContext.log 2 Spring WebApplicationInitializers detected on classpath
13-Apr-2024 18:56:00.210 INFORMAÇÕES [http-nio-8001-exec-100] org.apache.catalina.core.ApplicationContext.log Initializing Spring embedded WebApplicationContext
13-Apr-2024 18:56:05.581 INFORMAÇÕES [http-nio-8001-exec-106] org.apache.catalina.core.ApplicationContext.log Initializing Spring DispatcherServlet 'dispatcherServlet'
13-Apr-2024 18:56:43.503 INFORMAÇÕES [http-nio-8001-exec-118] org.apache.catalina.core.ApplicationContext.log Destroying Spring FrameworkServlet 'dispatcherServlet'
13-Apr-2024 18:56:43.504 INFORMAÇÕES [http-nio-8001-exec-118] org.apache.catalina.core.ApplicationContext.log Closing Spring root WebApplicationContext
13-Apr-2024 18:56:46.097 INFORMAÇÕES [http-nio-8001-exec-113] org.apache.catalina.core.ApplicationContext.log 2 Spring WebApplicationInitializers detected on classpath
13-Apr-2024 18:56:47.538 INFORMAÇÕES [http-nio-8001-exec-113] org.apache.catalina.core.ApplicationContext.log Initializing Spring embedded WebApplicationContext
13-Apr-2024 18:57:00.064 INFORMAÇÕES [http-nio-8001-exec-114] org.apache.catalina.core.ApplicationContext.log Initializing Spring DispatcherServlet 'dispatcherServlet'
13-Apr-2024 18:57:12.674 INFORMAÇÕES [http-nio-8001-exec-120] org.apache.catalina.core.ApplicationContext.log Destroying Spring FrameworkServlet 'dispatcherServlet'
13-Apr-2024 18:57:12.674 INFORMAÇÕES [http-nio-8001-exec-120] org.apache.catalina.core.ApplicationContext.log Closing Spring root WebApplicationContext
13-Apr-2024 18:57:14.618 INFORMAÇÕES [http-nio-8001-exec-119] org.apache.catalina.core.ApplicationContext.log 2 Spring WebApplicationInitializers detected on classpath
13-Apr-2024 18:57:16.340 INFORMAÇÕES [http-nio-8001-exec-119] org.apache.catalina.core.ApplicationContext.log Initializing Spring embedded WebApplicationContext
13-Apr-2024 18:57:26.616 INFORMAÇÕES [http-nio-8001-exec-115] org.apache.catalina.core.ApplicationContext.log Initializing Spring DispatcherServlet 'dispatcherServlet'
13-Apr-2024 18:58:37.293 INFORMAÇÕES [http-nio-8001-exec-124] org.apache.catalina.core.ApplicationContext.log Destroying Spring FrameworkServlet 'dispatcherServlet'
13-Apr-2024 18:58:37.294 INFORMAÇÕES [http-nio-8001-exec-124] org.apache.catalina.core.ApplicationContext.log Closing Spring root WebApplicationContext
13-Apr-2024 18:58:40.302 INFORMAÇÕES [http-nio-8001-exec-115] org.apache.catalina.core.ApplicationContext.log 2 Spring WebApplicationInitializers detected on classpath
13-Apr-2024 18:58:42.849 INFORMAÇÕES [http-nio-8001-exec-115] org.apache.catalina.core.ApplicationContext.log Initializing Spring embedded WebApplicationContext
13-Apr-2024 18:58:54.365 INFORMAÇÕES [http-nio-8001-exec-125] org.apache.catalina.core.ApplicationContext.log Initializing Spring DispatcherServlet 'dispatcherServlet'
13-Apr-2024 18:59:04.705 INFORMAÇÕES [http-nio-8001-exec-133] org.apache.catalina.core.ApplicationContext.log Destroying Spring FrameworkServlet 'dispatcherServlet'
13-Apr-2024 18:59:04.706 INFORMAÇÕES [http-nio-8001-exec-133] org.apache.catalina.core.ApplicationContext.log Closing Spring root WebApplicationContext
13-Apr-2024 18:59:06.555 INFORMAÇÕES [http-nio-8001-exec-129] org.apache.catalina.core.ApplicationContext.log 2 Spring WebApplicationInitializers detected on classpath
13-Apr-2024 18:59:07.728 INFORMAÇÕES [http-nio-8001-exec-129] org.apache.catalina.core.ApplicationContext.log Initializing Spring embedded WebApplicationContext
13-Apr-2024 18:59:13.322 INFORMAÇÕES [http-nio-8001-exec-131] org.apache.catalina.core.ApplicationContext.log Initializing Spring DispatcherServlet 'dispatcherServlet'
