09-Apr-2024 23:24:43.416 INFORMAÇÕES [http-nio-8001-exec-2] org.apache.catalina.core.ApplicationContext.log Manager: init: Associated with Deployer 'Catalina:type=Deployer,host=localhost'
09-Apr-2024 23:24:43.417 INFORMAÇÕES [http-nio-8001-exec-2] org.apache.catalina.core.ApplicationContext.log Manager: init: Global resources are available
09-Apr-2024 23:24:43.422 INFORMAÇÕES [http-nio-8001-exec-2] org.apache.catalina.core.ApplicationContext.log Manager: list: Listing contexts for virtual host 'localhost'
09-Apr-2024 23:24:43.435 INFORMAÇÕES [http-nio-8001-exec-3] org.apache.catalina.core.ApplicationContext.log Manager: list: Listing contexts for virtual host 'localhost'
09-Apr-2024 23:24:43.441 INFORMAÇÕES [http-nio-8001-exec-4] org.apache.catalina.core.ApplicationContext.log Manager: undeploy: Undeploying web application at '/tasks-backend'
09-Apr-2024 23:24:44.053 INFORMAÇÕES [http-nio-8001-exec-7] org.apache.catalina.core.ApplicationContext.log Manager: deploy: Deploying web application '/tasks-backend'
09-Apr-2024 23:24:44.053 INFORMAÇÕES [http-nio-8001-exec-7] org.apache.catalina.core.ApplicationContext.log Manager: Uploading WAR file to /home/evandro/workspace/projetos_pessoal/git/projetos/jenkins/apache-tomcat-10.1.13/webapps/tasks-backend.war
09-Apr-2024 23:25:02.302 INFORMAÇÕES [http-nio-8001-exec-5] org.apache.catalina.core.ApplicationContext.log Manager: list: Listing contexts for virtual host 'localhost'
09-Apr-2024 23:25:02.306 INFORMAÇÕES [http-nio-8001-exec-8] org.apache.catalina.core.ApplicationContext.log Manager: list: Listing contexts for virtual host 'localhost'
09-Apr-2024 23:25:02.309 INFORMAÇÕES [http-nio-8001-exec-9] org.apache.catalina.core.ApplicationContext.log Manager: undeploy: Undeploying web application at '/tasks'
09-Apr-2024 23:25:02.860 INFORMAÇÕES [http-nio-8001-exec-2] org.apache.catalina.core.ApplicationContext.log Manager: deploy: Deploying web application '/tasks'
09-Apr-2024 23:25:02.860 INFORMAÇÕES [http-nio-8001-exec-2] org.apache.catalina.core.ApplicationContext.log Manager: Uploading WAR file to /home/evandro/workspace/projetos_pessoal/git/projetos/jenkins/apache-tomcat-10.1.13/webapps/tasks.war
09-Apr-2024 23:45:13.915 INFORMAÇÕES [http-nio-8001-exec-14] org.apache.catalina.core.ApplicationContext.log Manager: list: Listing contexts for virtual host 'localhost'
09-Apr-2024 23:45:13.917 INFORMAÇÕES [http-nio-8001-exec-15] org.apache.catalina.core.ApplicationContext.log Manager: list: Listing contexts for virtual host 'localhost'
09-Apr-2024 23:45:13.918 INFORMAÇÕES [http-nio-8001-exec-16] org.apache.catalina.core.ApplicationContext.log Manager: undeploy: Undeploying web application at '/tasks-backend'
09-Apr-2024 23:45:14.458 INFORMAÇÕES [http-nio-8001-exec-18] org.apache.catalina.core.ApplicationContext.log Manager: deploy: Deploying web application '/tasks-backend'
09-Apr-2024 23:45:14.458 INFORMAÇÕES [http-nio-8001-exec-18] org.apache.catalina.core.ApplicationContext.log Manager: Uploading WAR file to /home/evandro/workspace/projetos_pessoal/git/projetos/jenkins/apache-tomcat-10.1.13/webapps/tasks-backend.war
09-Apr-2024 23:45:31.640 INFORMAÇÕES [http-nio-8001-exec-23] org.apache.catalina.core.ApplicationContext.log Manager: list: Listing contexts for virtual host 'localhost'
09-Apr-2024 23:45:31.641 INFORMAÇÕES [http-nio-8001-exec-17] org.apache.catalina.core.ApplicationContext.log Manager: list: Listing contexts for virtual host 'localhost'
09-Apr-2024 23:45:31.642 INFORMAÇÕES [http-nio-8001-exec-20] org.apache.catalina.core.ApplicationContext.log Manager: undeploy: Undeploying web application at '/tasks'
09-Apr-2024 23:45:32.165 INFORMAÇÕES [http-nio-8001-exec-26] org.apache.catalina.core.ApplicationContext.log Manager: deploy: Deploying web application '/tasks'
09-Apr-2024 23:45:32.165 INFORMAÇÕES [http-nio-8001-exec-26] org.apache.catalina.core.ApplicationContext.log Manager: Uploading WAR file to /home/evandro/workspace/projetos_pessoal/git/projetos/jenkins/apache-tomcat-10.1.13/webapps/tasks.war
09-Apr-2024 23:49:47.720 INFORMAÇÕES [http-nio-8001-exec-27] org.apache.catalina.core.ApplicationContext.log Manager: list: Listing contexts for virtual host 'localhost'
09-Apr-2024 23:49:47.721 INFORMAÇÕES [http-nio-8001-exec-28] org.apache.catalina.core.ApplicationContext.log Manager: list: Listing contexts for virtual host 'localhost'
09-Apr-2024 23:49:47.722 INFORMAÇÕES [http-nio-8001-exec-29] org.apache.catalina.core.ApplicationContext.log Manager: undeploy: Undeploying web application at '/tasks-backend'
09-Apr-2024 23:49:48.255 INFORMAÇÕES [http-nio-8001-exec-14] org.apache.catalina.core.ApplicationContext.log Manager: deploy: Deploying web application '/tasks-backend'
09-Apr-2024 23:49:48.255 INFORMAÇÕES [http-nio-8001-exec-14] org.apache.catalina.core.ApplicationContext.log Manager: Uploading WAR file to /home/evandro/workspace/projetos_pessoal/git/projetos/jenkins/apache-tomcat-10.1.13/webapps/tasks-backend.war
09-Apr-2024 23:50:02.476 INFORMAÇÕES [http-nio-8001-exec-30] org.apache.catalina.core.ApplicationContext.log Manager: list: Listing contexts for virtual host 'localhost'
09-Apr-2024 23:50:02.478 INFORMAÇÕES [http-nio-8001-exec-31] org.apache.catalina.core.ApplicationContext.log Manager: list: Listing contexts for virtual host 'localhost'
09-Apr-2024 23:50:02.480 INFORMAÇÕES [http-nio-8001-exec-28] org.apache.catalina.core.ApplicationContext.log Manager: undeploy: Undeploying web application at '/tasks'
09-Apr-2024 23:50:03.004 INFORMAÇÕES [http-nio-8001-exec-32] org.apache.catalina.core.ApplicationContext.log Manager: deploy: Deploying web application '/tasks'
09-Apr-2024 23:50:03.004 INFORMAÇÕES [http-nio-8001-exec-32] org.apache.catalina.core.ApplicationContext.log Manager: Uploading WAR file to /home/evandro/workspace/projetos_pessoal/git/projetos/jenkins/apache-tomcat-10.1.13/webapps/tasks.war
09-Apr-2024 23:52:08.958 INFORMAÇÕES [http-nio-8001-exec-36] org.apache.catalina.core.ApplicationContext.log Manager: list: Listing contexts for virtual host 'localhost'
09-Apr-2024 23:52:08.962 INFORMAÇÕES [http-nio-8001-exec-37] org.apache.catalina.core.ApplicationContext.log Manager: list: Listing contexts for virtual host 'localhost'
09-Apr-2024 23:52:08.963 INFORMAÇÕES [http-nio-8001-exec-38] org.apache.catalina.core.ApplicationContext.log Manager: undeploy: Undeploying web application at '/tasks-backend'
09-Apr-2024 23:52:09.508 INFORMAÇÕES [http-nio-8001-exec-36] org.apache.catalina.core.ApplicationContext.log Manager: deploy: Deploying web application '/tasks-backend'
09-Apr-2024 23:52:09.508 INFORMAÇÕES [http-nio-8001-exec-36] org.apache.catalina.core.ApplicationContext.log Manager: Uploading WAR file to /home/evandro/workspace/projetos_pessoal/git/projetos/jenkins/apache-tomcat-10.1.13/webapps/tasks-backend.war
09-Apr-2024 23:52:27.759 INFORMAÇÕES [http-nio-8001-exec-28] org.apache.catalina.core.ApplicationContext.log Manager: list: Listing contexts for virtual host 'localhost'
09-Apr-2024 23:52:27.760 INFORMAÇÕES [http-nio-8001-exec-37] org.apache.catalina.core.ApplicationContext.log Manager: list: Listing contexts for virtual host 'localhost'
09-Apr-2024 23:52:27.762 INFORMAÇÕES [http-nio-8001-exec-20] org.apache.catalina.core.ApplicationContext.log Manager: undeploy: Undeploying web application at '/tasks'
09-Apr-2024 23:52:28.293 INFORMAÇÕES [http-nio-8001-exec-34] org.apache.catalina.core.ApplicationContext.log Manager: deploy: Deploying web application '/tasks'
09-Apr-2024 23:52:28.293 INFORMAÇÕES [http-nio-8001-exec-34] org.apache.catalina.core.ApplicationContext.log Manager: Uploading WAR file to /home/evandro/workspace/projetos_pessoal/git/projetos/jenkins/apache-tomcat-10.1.13/webapps/tasks.war
09-Apr-2024 23:52:53.009 INFORMAÇÕES [http-nio-8001-exec-39] org.apache.catalina.core.ApplicationContext.log Manager: list: Listing contexts for virtual host 'localhost'
09-Apr-2024 23:52:53.011 INFORMAÇÕES [http-nio-8001-exec-45] org.apache.catalina.core.ApplicationContext.log Manager: list: Listing contexts for virtual host 'localhost'
09-Apr-2024 23:52:53.012 INFORMAÇÕES [http-nio-8001-exec-37] org.apache.catalina.core.ApplicationContext.log Manager: undeploy: Undeploying web application at '/tasks-backend'
09-Apr-2024 23:52:53.552 INFORMAÇÕES [http-nio-8001-exec-31] org.apache.catalina.core.ApplicationContext.log Manager: deploy: Deploying web application '/tasks-backend'
09-Apr-2024 23:52:53.552 INFORMAÇÕES [http-nio-8001-exec-31] org.apache.catalina.core.ApplicationContext.log Manager: Uploading WAR file to /home/evandro/workspace/projetos_pessoal/git/projetos/jenkins/apache-tomcat-10.1.13/webapps/tasks-backend.war
09-Apr-2024 23:53:12.418 INFORMAÇÕES [http-nio-8001-exec-45] org.apache.catalina.core.ApplicationContext.log Manager: list: Listing contexts for virtual host 'localhost'
09-Apr-2024 23:53:12.419 INFORMAÇÕES [http-nio-8001-exec-44] org.apache.catalina.core.ApplicationContext.log Manager: list: Listing contexts for virtual host 'localhost'
09-Apr-2024 23:53:12.420 INFORMAÇÕES [http-nio-8001-exec-27] org.apache.catalina.core.ApplicationContext.log Manager: undeploy: Undeploying web application at '/tasks'
09-Apr-2024 23:53:12.943 INFORMAÇÕES [http-nio-8001-exec-46] org.apache.catalina.core.ApplicationContext.log Manager: deploy: Deploying web application '/tasks'
09-Apr-2024 23:53:12.943 INFORMAÇÕES [http-nio-8001-exec-46] org.apache.catalina.core.ApplicationContext.log Manager: Uploading WAR file to /home/evandro/workspace/projetos_pessoal/git/projetos/jenkins/apache-tomcat-10.1.13/webapps/tasks.war
